{"/workspace/postcss.config.js": {"path":"/workspace/postcss.config.js","all":true,"statementMap":{"0":{"start":{"line":1,"column":0},"end":{"line":1,"column":16}},"1":{"start":{"line":2,"column":0},"end":{"line":2,"column":12}},"2":{"start":{"line":3,"column":0},"end":{"line":3,"column":20}},"3":{"start":{"line":4,"column":0},"end":{"line":4,"column":21}},"4":{"start":{"line":5,"column":0},"end":{"line":5,"column":4}},"5":{"start":{"line":6,"column":0},"end":{"line":6,"column":2}}},"s":{"0":0,"1":0,"2":0,"3":0,"4":0,"5":0},"branchMap":{"0":{"type":"branch","line":1,"loc":{"start":{"line":1,"column":0},"end":{"line":6,"column":-11}},"locations":[{"start":{"line":1,"column":0},"end":{"line":6,"column":-11}}]}},"b":{"0":[0]},"fnMap":{"0":{"name":"(empty-report)","decl":{"start":{"line":1,"column":0},"end":{"line":6,"column":-11}},"loc":{"start":{"line":1,"column":0},"end":{"line":6,"column":-11}},"line":1}},"f":{"0":0}}
,"/workspace/tailwind.config.ts": {"path":"/workspace/tailwind.config.ts","all":true,"statementMap":{"2":{"start":{"line":3,"column":0},"end":{"line":3,"column":16}},"3":{"start":{"line":4,"column":0},"end":{"line":4,"column":22}},"4":{"start":{"line":5,"column":0},"end":{"line":5,"column":12}},"5":{"start":{"line":6,"column":0},"end":{"line":6,"column":28}},"6":{"start":{"line":7,"column":0},"end":{"line":7,"column":33}},"7":{"start":{"line":8,"column":0},"end":{"line":8,"column":26}},"8":{"start":{"line":9,"column":0},"end":{"line":9,"column":26}},"9":{"start":{"line":10,"column":0},"end":{"line":10,"column":4}},"10":{"start":{"line":11,"column":0},"end":{"line":11,"column":13}},"11":{"start":{"line":12,"column":0},"end":{"line":12,"column":10}},"12":{"start":{"line":13,"column":0},"end":{"line":13,"column":16}},"13":{"start":{"line":14,"column":0},"end":{"line":14,"column":19}},"14":{"start":{"line":15,"column":0},"end":{"line":15,"column":22}},"15":{"start":{"line":16,"column":0},"end":{"line":16,"column":16}},"16":{"start":{"line":17,"column":0},"end":{"line":17,"column":24}},"17":{"start":{"line":18,"column":0},"end":{"line":18,"column":8}},"18":{"start":{"line":19,"column":0},"end":{"line":19,"column":6}},"19":{"start":{"line":20,"column":0},"end":{"line":20,"column":13}},"20":{"start":{"line":21,"column":0},"end":{"line":21,"column":15}},"21":{"start":{"line":22,"column":0},"end":{"line":22,"column":37}},"22":{"start":{"line":23,"column":0},"end":{"line":23,"column":35}},"23":{"start":{"line":24,"column":0},"end":{"line":24,"column":33}},"24":{"start":{"line":25,"column":0},"end":{"line":25,"column":45}},"25":{"start":{"line":26,"column":0},"end":{"line":26,"column":45}},"26":{"start":{"line":27,"column":0},"end":{"line":27,"column":18}},"27":{"start":{"line":28,"column":0},"end":{"line":28,"column":41}},"28":{"start":{"line":29,"column":0},"end":{"line":29,"column":55}},"29":{"start":{"line":30,"column":0},"end":{"line":30,"column":43}},"30":{"start":{"line":31,"column":0},"end":{"line":31,"column":10}},"31":{"start":{"line":32,"column":0},"end":{"line":32,"column":21}},"32":{"start":{"line":33,"column":0},"end":{"line":33,"column":42}},"33":{"start":{"line":34,"column":0},"end":{"line":34,"column":56}},"34":{"start":{"line":35,"column":0},"end":{"line":35,"column":10}},"35":{"start":{"line":36,"column":0},"end":{"line":36,"column":20}},"36":{"start":{"line":37,"column":0},"end":{"line":37,"column":43}},"37":{"start":{"line":38,"column":0},"end":{"line":38,"column":57}},"38":{"start":{"line":39,"column":0},"end":{"line":39,"column":10}},"39":{"start":{"line":40,"column":0},"end":{"line":40,"column":22}},"40":{"start":{"line":41,"column":0},"end":{"line":41,"column":45}},"41":{"start":{"line":42,"column":0},"end":{"line":42,"column":59}},"42":{"start":{"line":43,"column":0},"end":{"line":43,"column":10}},"43":{"start":{"line":44,"column":0},"end":{"line":44,"column":16}},"44":{"start":{"line":45,"column":0},"end":{"line":45,"column":39}},"45":{"start":{"line":46,"column":0},"end":{"line":46,"column":53}},"46":{"start":{"line":47,"column":0},"end":{"line":47,"column":10}},"47":{"start":{"line":48,"column":0},"end":{"line":48,"column":17}},"48":{"start":{"line":49,"column":0},"end":{"line":49,"column":40}},"49":{"start":{"line":50,"column":0},"end":{"line":50,"column":54}},"50":{"start":{"line":51,"column":0},"end":{"line":51,"column":10}},"51":{"start":{"line":52,"column":0},"end":{"line":52,"column":18}},"52":{"start":{"line":53,"column":0},"end":{"line":53,"column":41}},"53":{"start":{"line":54,"column":0},"end":{"line":54,"column":55}},"54":{"start":{"line":55,"column":0},"end":{"line":55,"column":10}},"55":{"start":{"line":56,"column":0},"end":{"line":56,"column":18}},"56":{"start":{"line":57,"column":0},"end":{"line":57,"column":41}},"57":{"start":{"line":58,"column":0},"end":{"line":58,"column":55}},"58":{"start":{"line":59,"column":0},"end":{"line":59,"column":10}},"59":{"start":{"line":60,"column":0},"end":{"line":60,"column":18}},"60":{"start":{"line":61,"column":0},"end":{"line":61,"column":41}},"61":{"start":{"line":62,"column":0},"end":{"line":62,"column":55}},"62":{"start":{"line":63,"column":0},"end":{"line":63,"column":10}},"63":{"start":{"line":64,"column":0},"end":{"line":64,"column":15}},"64":{"start":{"line":65,"column":0},"end":{"line":65,"column":38}},"65":{"start":{"line":66,"column":0},"end":{"line":66,"column":52}},"66":{"start":{"line":67,"column":0},"end":{"line":67,"column":10}},"67":{"start":{"line":68,"column":0},"end":{"line":68,"column":18}},"68":{"start":{"line":69,"column":0},"end":{"line":69,"column":52}},"69":{"start":{"line":70,"column":0},"end":{"line":70,"column":55}},"70":{"start":{"line":71,"column":0},"end":{"line":71,"column":49}},"71":{"start":{"line":72,"column":0},"end":{"line":72,"column":73}},"72":{"start":{"line":73,"column":0},"end":{"line":73,"column":47}},"73":{"start":{"line":74,"column":0},"end":{"line":74,"column":71}},"74":{"start":{"line":75,"column":0},"end":{"line":75,"column":47}},"75":{"start":{"line":76,"column":0},"end":{"line":76,"column":43}},"76":{"start":{"line":77,"column":0},"end":{"line":77,"column":10}},"77":{"start":{"line":78,"column":0},"end":{"line":78,"column":8}},"78":{"start":{"line":79,"column":0},"end":{"line":79,"column":21}},"79":{"start":{"line":80,"column":0},"end":{"line":80,"column":28}},"80":{"start":{"line":81,"column":0},"end":{"line":81,"column":40}},"81":{"start":{"line":82,"column":0},"end":{"line":82,"column":40}},"82":{"start":{"line":83,"column":0},"end":{"line":83,"column":8}},"83":{"start":{"line":84,"column":0},"end":{"line":84,"column":18}},"84":{"start":{"line":85,"column":0},"end":{"line":85,"column":27}},"85":{"start":{"line":86,"column":0},"end":{"line":86,"column":17}},"86":{"start":{"line":87,"column":0},"end":{"line":87,"column":24}},"87":{"start":{"line":88,"column":0},"end":{"line":88,"column":12}},"88":{"start":{"line":89,"column":0},"end":{"line":89,"column":15}},"89":{"start":{"line":90,"column":0},"end":{"line":90,"column":60}},"90":{"start":{"line":91,"column":0},"end":{"line":91,"column":12}},"91":{"start":{"line":92,"column":0},"end":{"line":92,"column":10}},"92":{"start":{"line":93,"column":0},"end":{"line":93,"column":25}},"93":{"start":{"line":94,"column":0},"end":{"line":94,"column":17}},"94":{"start":{"line":95,"column":0},"end":{"line":95,"column":60}},"95":{"start":{"line":96,"column":0},"end":{"line":96,"column":12}},"96":{"start":{"line":97,"column":0},"end":{"line":97,"column":15}},"97":{"start":{"line":98,"column":0},"end":{"line":98,"column":24}},"98":{"start":{"line":99,"column":0},"end":{"line":99,"column":12}},"99":{"start":{"line":100,"column":0},"end":{"line":100,"column":10}},"100":{"start":{"line":101,"column":0},"end":{"line":101,"column":8}},"101":{"start":{"line":102,"column":0},"end":{"line":102,"column":18}},"102":{"start":{"line":103,"column":0},"end":{"line":103,"column":57}},"103":{"start":{"line":104,"column":0},"end":{"line":104,"column":53}},"104":{"start":{"line":105,"column":0},"end":{"line":105,"column":8}},"105":{"start":{"line":106,"column":0},"end":{"line":106,"column":6}},"106":{"start":{"line":107,"column":0},"end":{"line":107,"column":4}},"107":{"start":{"line":108,"column":0},"end":{"line":108,"column":44}},"108":{"start":{"line":109,"column":0},"end":{"line":109,"column":19}}},"s":{"2":0,"3":0,"4":0,"5":0,"6":0,"7":0,"8":0,"9":0,"10":0,"11":0,"12":0,"13":0,"14":0,"15":0,"16":0,"17":0,"18":0,"19":0,"20":0,"21":0,"22":0,"23":0,"24":0,"25":0,"26":0,"27":0,"28":0,"29":0,"30":0,"31":0,"32":0,"33":0,"34":0,"35":0,"36":0,"37":0,"38":0,"39":0,"40":0,"41":0,"42":0,"43":0,"44":0,"45":0,"46":0,"47":0,"48":0,"49":0,"50":0,"51":0,"52":0,"53":0,"54":0,"55":0,"56":0,"57":0,"58":0,"59":0,"60":0,"61":0,"62":0,"63":0,"64":0,"65":0,"66":0,"67":0,"68":0,"69":0,"70":0,"71":0,"72":0,"73":0,"74":0,"75":0,"76":0,"77":0,"78":0,"79":0,"80":0,"81":0,"82":0,"83":0,"84":0,"85":0,"86":0,"87":0,"88":0,"89":0,"90":0,"91":0,"92":0,"93":0,"94":0,"95":0,"96":0,"97":0,"98":0,"99":0,"100":0,"101":0,"102":0,"103":0,"104":0,"105":0,"106":0,"107":0,"108":0},"branchMap":{"0":{"type":"branch","line":1,"loc":{"start":{"line":1,"column":44},"end":{"line":109,"column":-576}},"locations":[{"start":{"line":1,"column":44},"end":{"line":109,"column":-576}}]}},"b":{"0":[1]},"fnMap":{"0":{"name":"(empty-report)","decl":{"start":{"line":1,"column":44},"end":{"line":109,"column":-576}},"loc":{"start":{"line":1,"column":44},"end":{"line":109,"column":-576}},"line":1}},"f":{"0":1}}
,"/workspace/server/config.js": {"path":"/workspace/server/config.js","all":true,"statementMap":{"0":{"start":{"line":1,"column":0},"end":{"line":1,"column":23}},"3":{"start":{"line":4,"column":0},"end":{"line":4,"column":28}},"4":{"start":{"line":5,"column":0},"end":{"line":5,"column":46}},"5":{"start":{"line":6,"column":0},"end":{"line":6,"column":57}},"6":{"start":{"line":7,"column":0},"end":{"line":7,"column":36}},"7":{"start":{"line":8,"column":0},"end":{"line":8,"column":36}},"8":{"start":{"line":9,"column":0},"end":{"line":9,"column":42}},"9":{"start":{"line":10,"column":0},"end":{"line":10,"column":46}},"10":{"start":{"line":11,"column":0},"end":{"line":11,"column":41}},"11":{"start":{"line":12,"column":0},"end":{"line":12,"column":41}},"12":{"start":{"line":13,"column":0},"end":{"line":13,"column":3}},"14":{"start":{"line":15,"column":0},"end":{"line":15,"column":48}},"15":{"start":{"line":16,"column":0},"end":{"line":16,"column":22}},"16":{"start":{"line":17,"column":0},"end":{"line":17,"column":40}},"17":{"start":{"line":18,"column":0},"end":{"line":18,"column":77}},"18":{"start":{"line":19,"column":0},"end":{"line":19,"column":18}},"19":{"start":{"line":20,"column":0},"end":{"line":20,"column":1}},"21":{"start":{"line":22,"column":0},"end":{"line":22,"column":34}},"23":{"start":{"line":24,"column":0},"end":{"line":24,"column":40}},"24":{"start":{"line":25,"column":0},"end":{"line":25,"column":94}},"25":{"start":{"line":26,"column":0},"end":{"line":26,"column":97}},"26":{"start":{"line":27,"column":0},"end":{"line":27,"column":1}}},"s":{"0":0,"3":0,"4":0,"5":0,"6":0,"7":0,"8":0,"9":0,"10":0,"11":0,"12":0,"14":0,"15":0,"16":0,"17":0,"18":0,"19":0,"21":0,"23":0,"24":0,"25":0,"26":0},"branchMap":{"0":{"type":"branch","line":1,"loc":{"start":{"line":1,"column":0},"end":{"line":27,"column":-310}},"locations":[{"start":{"line":1,"column":0},"end":{"line":27,"column":-310}}]}},"b":{"0":[0]},"fnMap":{"0":{"name":"(empty-report)","decl":{"start":{"line":1,"column":0},"end":{"line":27,"column":-310}},"loc":{"start":{"line":1,"column":0},"end":{"line":27,"column":-310}},"line":1}},"f":{"0":0}}
,"/workspace/server/index.js": {"path":"/workspace/server/index.js","all":true,"statementMap":{"0":{"start":{"line":1,"column":0},"end":{"line":1,"column":30}},"1":{"start":{"line":2,"column":0},"end":{"line":2,"column":24}},"2":{"start":{"line":3,"column":0},"end":{"line":3,"column":31}},"3":{"start":{"line":4,"column":0},"end":{"line":4,"column":28}},"4":{"start":{"line":5,"column":0},"end":{"line":5,"column":43}},"5":{"start":{"line":6,"column":0},"end":{"line":6,"column":59}},"6":{"start":{"line":7,"column":0},"end":{"line":7,"column":39}},"7":{"start":{"line":8,"column":0},"end":{"line":8,"column":33}},"8":{"start":{"line":9,"column":0},"end":{"line":9,"column":43}},"9":{"start":{"line":10,"column":0},"end":{"line":10,"column":43}},"10":{"start":{"line":11,"column":0},"end":{"line":11,"column":0}},"11":{"start":{"line":12,"column":0},"end":{"line":12,"column":22}},"12":{"start":{"line":13,"column":0},"end":{"line":13,"column":24}},"13":{"start":{"line":14,"column":0},"end":{"line":14,"column":65}},"14":{"start":{"line":15,"column":0},"end":{"line":15,"column":35}},"15":{"start":{"line":16,"column":0},"end":{"line":16,"column":35}},"16":{"start":{"line":17,"column":0},"end":{"line":17,"column":1}},"17":{"start":{"line":18,"column":0},"end":{"line":18,"column":26}},"18":{"start":{"line":19,"column":0},"end":{"line":19,"column":25}},"19":{"start":{"line":20,"column":0},"end":{"line":20,"column":0}},"20":{"start":{"line":21,"column":0},"end":{"line":21,"column":40}},"21":{"start":{"line":22,"column":0},"end":{"line":22,"column":8}},"22":{"start":{"line":23,"column":0},"end":{"line":23,"column":8}},"23":{"start":{"line":24,"column":0},"end":{"line":24,"column":35}},"24":{"start":{"line":25,"column":0},"end":{"line":25,"column":54}},"25":{"start":{"line":26,"column":0},"end":{"line":26,"column":47}},"26":{"start":{"line":27,"column":0},"end":{"line":27,"column":64}},"27":{"start":{"line":28,"column":0},"end":{"line":28,"column":56}},"28":{"start":{"line":29,"column":0},"end":{"line":29,"column":6}},"29":{"start":{"line":30,"column":0},"end":{"line":30,"column":22}},"30":{"start":{"line":31,"column":0},"end":{"line":31,"column":5}},"31":{"start":{"line":32,"column":0},"end":{"line":32,"column":2}},"32":{"start":{"line":33,"column":0},"end":{"line":33,"column":48}},"33":{"start":{"line":34,"column":0},"end":{"line":34,"column":23}},"34":{"start":{"line":35,"column":0},"end":{"line":35,"column":25}},"35":{"start":{"line":36,"column":0},"end":{"line":36,"column":43}},"36":{"start":{"line":37,"column":0},"end":{"line":37,"column":42}},"37":{"start":{"line":38,"column":0},"end":{"line":38,"column":40}},"38":{"start":{"line":39,"column":0},"end":{"line":39,"column":44}},"39":{"start":{"line":40,"column":0},"end":{"line":40,"column":2}},"40":{"start":{"line":41,"column":0},"end":{"line":41,"column":8}},"41":{"start":{"line":42,"column":0},"end":{"line":42,"column":10}},"42":{"start":{"line":43,"column":0},"end":{"line":43,"column":74}},"43":{"start":{"line":44,"column":0},"end":{"line":44,"column":58}},"44":{"start":{"line":45,"column":0},"end":{"line":45,"column":5}},"45":{"start":{"line":46,"column":0},"end":{"line":46,"column":2}},"46":{"start":{"line":47,"column":0},"end":{"line":47,"column":8}},"47":{"start":{"line":48,"column":0},"end":{"line":48,"column":13}},"48":{"start":{"line":49,"column":0},"end":{"line":49,"column":24}},"49":{"start":{"line":50,"column":0},"end":{"line":50,"column":13}},"50":{"start":{"line":51,"column":0},"end":{"line":51,"column":26}},"51":{"start":{"line":52,"column":0},"end":{"line":52,"column":25}},"52":{"start":{"line":53,"column":0},"end":{"line":53,"column":5}},"53":{"start":{"line":54,"column":0},"end":{"line":54,"column":2}},"54":{"start":{"line":55,"column":0},"end":{"line":55,"column":0}},"55":{"start":{"line":56,"column":0},"end":{"line":56,"column":19}},"56":{"start":{"line":57,"column":0},"end":{"line":57,"column":15}},"57":{"start":{"line":58,"column":0},"end":{"line":58,"column":52}},"58":{"start":{"line":59,"column":0},"end":{"line":59,"column":44}},"59":{"start":{"line":60,"column":0},"end":{"line":60,"column":2}},"60":{"start":{"line":61,"column":0},"end":{"line":61,"column":40}},"61":{"start":{"line":62,"column":0},"end":{"line":62,"column":68}},"62":{"start":{"line":63,"column":0},"end":{"line":63,"column":0}},"63":{"start":{"line":64,"column":0},"end":{"line":64,"column":22}},"64":{"start":{"line":65,"column":0},"end":{"line":65,"column":98}},"65":{"start":{"line":66,"column":0},"end":{"line":66,"column":117}},"66":{"start":{"line":67,"column":0},"end":{"line":67,"column":90}},"67":{"start":{"line":68,"column":0},"end":{"line":68,"column":0}},"68":{"start":{"line":69,"column":0},"end":{"line":69,"column":30}},"69":{"start":{"line":70,"column":0},"end":{"line":70,"column":27}},"70":{"start":{"line":71,"column":0},"end":{"line":71,"column":43}},"71":{"start":{"line":72,"column":0},"end":{"line":72,"column":30}},"72":{"start":{"line":73,"column":0},"end":{"line":73,"column":12}},"73":{"start":{"line":74,"column":0},"end":{"line":74,"column":13}},"74":{"start":{"line":75,"column":0},"end":{"line":75,"column":11}},"75":{"start":{"line":76,"column":0},"end":{"line":76,"column":11}},"76":{"start":{"line":77,"column":0},"end":{"line":77,"column":11}},"77":{"start":{"line":78,"column":0},"end":{"line":78,"column":12}},"78":{"start":{"line":79,"column":0},"end":{"line":79,"column":14}},"79":{"start":{"line":80,"column":0},"end":{"line":80,"column":15}},"80":{"start":{"line":81,"column":0},"end":{"line":81,"column":14}},"81":{"start":{"line":82,"column":0},"end":{"line":82,"column":19}},"82":{"start":{"line":83,"column":0},"end":{"line":83,"column":10}},"83":{"start":{"line":84,"column":0},"end":{"line":84,"column":14}},"84":{"start":{"line":85,"column":0},"end":{"line":85,"column":15}},"85":{"start":{"line":86,"column":0},"end":{"line":86,"column":20}},"86":{"start":{"line":87,"column":0},"end":{"line":87,"column":13}},"87":{"start":{"line":88,"column":0},"end":{"line":88,"column":4}},"88":{"start":{"line":89,"column":0},"end":{"line":89,"column":58}},"89":{"start":{"line":90,"column":0},"end":{"line":90,"column":1}},"90":{"start":{"line":91,"column":0},"end":{"line":91,"column":0}},"91":{"start":{"line":92,"column":0},"end":{"line":92,"column":43}},"92":{"start":{"line":93,"column":0},"end":{"line":93,"column":37}},"93":{"start":{"line":94,"column":0},"end":{"line":94,"column":30}},"94":{"start":{"line":95,"column":0},"end":{"line":95,"column":21}},"95":{"start":{"line":96,"column":0},"end":{"line":96,"column":28}},"96":{"start":{"line":97,"column":0},"end":{"line":97,"column":15}},"97":{"start":{"line":98,"column":0},"end":{"line":98,"column":22}},"98":{"start":{"line":99,"column":0},"end":{"line":99,"column":43}},"99":{"start":{"line":100,"column":0},"end":{"line":100,"column":8}},"100":{"start":{"line":101,"column":0},"end":{"line":101,"column":16}},"101":{"start":{"line":102,"column":0},"end":{"line":102,"column":9}},"102":{"start":{"line":103,"column":0},"end":{"line":103,"column":38}},"103":{"start":{"line":104,"column":0},"end":{"line":104,"column":101}},"104":{"start":{"line":105,"column":0},"end":{"line":105,"column":10}},"105":{"start":{"line":106,"column":0},"end":{"line":106,"column":88}},"106":{"start":{"line":107,"column":0},"end":{"line":107,"column":8}},"107":{"start":{"line":108,"column":0},"end":{"line":108,"column":7}},"108":{"start":{"line":109,"column":0},"end":{"line":109,"column":3}},"109":{"start":{"line":110,"column":0},"end":{"line":110,"column":0}},"110":{"start":{"line":111,"column":0},"end":{"line":111,"column":19}},"111":{"start":{"line":112,"column":0},"end":{"line":112,"column":77}},"112":{"start":{"line":113,"column":0},"end":{"line":113,"column":76}},"113":{"start":{"line":114,"column":0},"end":{"line":114,"column":99}},"114":{"start":{"line":115,"column":0},"end":{"line":115,"column":77}},"115":{"start":{"line":116,"column":0},"end":{"line":116,"column":0}},"116":{"start":{"line":117,"column":0},"end":{"line":117,"column":19}},"117":{"start":{"line":118,"column":0},"end":{"line":118,"column":21}},"118":{"start":{"line":119,"column":0},"end":{"line":119,"column":31}},"119":{"start":{"line":120,"column":0},"end":{"line":120,"column":14}},"120":{"start":{"line":121,"column":0},"end":{"line":121,"column":86}},"121":{"start":{"line":122,"column":0},"end":{"line":122,"column":96}},"122":{"start":{"line":123,"column":0},"end":{"line":123,"column":6}},"123":{"start":{"line":124,"column":0},"end":{"line":124,"column":5}},"124":{"start":{"line":125,"column":0},"end":{"line":125,"column":3}},"125":{"start":{"line":126,"column":0},"end":{"line":126,"column":0}},"126":{"start":{"line":127,"column":0},"end":{"line":127,"column":70}},"127":{"start":{"line":128,"column":0},"end":{"line":128,"column":49}},"128":{"start":{"line":129,"column":0},"end":{"line":129,"column":53}},"129":{"start":{"line":130,"column":0},"end":{"line":130,"column":45}},"130":{"start":{"line":131,"column":0},"end":{"line":131,"column":44}},"131":{"start":{"line":132,"column":0},"end":{"line":132,"column":18}},"132":{"start":{"line":133,"column":0},"end":{"line":133,"column":34}},"133":{"start":{"line":134,"column":0},"end":{"line":134,"column":36}},"134":{"start":{"line":135,"column":0},"end":{"line":135,"column":28}},"135":{"start":{"line":136,"column":0},"end":{"line":136,"column":27}},"136":{"start":{"line":137,"column":0},"end":{"line":137,"column":40}},"137":{"start":{"line":138,"column":0},"end":{"line":138,"column":34}},"138":{"start":{"line":139,"column":0},"end":{"line":139,"column":4}},"139":{"start":{"line":140,"column":0},"end":{"line":140,"column":12}},"140":{"start":{"line":141,"column":0},"end":{"line":141,"column":38}},"141":{"start":{"line":142,"column":0},"end":{"line":142,"column":29}},"142":{"start":{"line":143,"column":0},"end":{"line":143,"column":36}},"143":{"start":{"line":144,"column":0},"end":{"line":144,"column":30}},"144":{"start":{"line":145,"column":0},"end":{"line":145,"column":16}},"145":{"start":{"line":146,"column":0},"end":{"line":146,"column":13}},"146":{"start":{"line":147,"column":0},"end":{"line":147,"column":5}},"147":{"start":{"line":148,"column":0},"end":{"line":148,"column":67}},"148":{"start":{"line":149,"column":0},"end":{"line":149,"column":11}},"149":{"start":{"line":150,"column":0},"end":{"line":150,"column":10}},"150":{"start":{"line":151,"column":0},"end":{"line":151,"column":25}},"151":{"start":{"line":152,"column":0},"end":{"line":152,"column":28}},"152":{"start":{"line":153,"column":0},"end":{"line":153,"column":5}},"153":{"start":{"line":154,"column":0},"end":{"line":154,"column":3}},"154":{"start":{"line":155,"column":0},"end":{"line":155,"column":0}},"155":{"start":{"line":156,"column":0},"end":{"line":156,"column":68}},"156":{"start":{"line":157,"column":0},"end":{"line":157,"column":59}},"157":{"start":{"line":158,"column":0},"end":{"line":158,"column":7}},"158":{"start":{"line":159,"column":0},"end":{"line":159,"column":45}},"159":{"start":{"line":160,"column":0},"end":{"line":160,"column":27}},"160":{"start":{"line":161,"column":0},"end":{"line":161,"column":8}},"161":{"start":{"line":162,"column":0},"end":{"line":162,"column":39}},"162":{"start":{"line":163,"column":0},"end":{"line":163,"column":64}},"163":{"start":{"line":164,"column":0},"end":{"line":164,"column":7}},"164":{"start":{"line":165,"column":0},"end":{"line":165,"column":54}},"165":{"start":{"line":166,"column":0},"end":{"line":166,"column":5}},"166":{"start":{"line":167,"column":0},"end":{"line":167,"column":0}},"167":{"start":{"line":168,"column":0},"end":{"line":168,"column":37}},"168":{"start":{"line":169,"column":0},"end":{"line":169,"column":91}},"169":{"start":{"line":170,"column":0},"end":{"line":170,"column":24}},"170":{"start":{"line":171,"column":0},"end":{"line":171,"column":34}},"171":{"start":{"line":172,"column":0},"end":{"line":172,"column":70}},"172":{"start":{"line":173,"column":0},"end":{"line":173,"column":29}},"173":{"start":{"line":174,"column":0},"end":{"line":174,"column":43}},"174":{"start":{"line":175,"column":0},"end":{"line":175,"column":43}},"175":{"start":{"line":176,"column":0},"end":{"line":176,"column":61}},"176":{"start":{"line":177,"column":0},"end":{"line":177,"column":61}},"177":{"start":{"line":178,"column":0},"end":{"line":178,"column":80}},"178":{"start":{"line":179,"column":0},"end":{"line":179,"column":25}},"179":{"start":{"line":180,"column":0},"end":{"line":180,"column":20}},"180":{"start":{"line":181,"column":0},"end":{"line":181,"column":44}},"181":{"start":{"line":182,"column":0},"end":{"line":182,"column":46}},"182":{"start":{"line":183,"column":0},"end":{"line":183,"column":64}},"183":{"start":{"line":184,"column":0},"end":{"line":184,"column":12}},"184":{"start":{"line":185,"column":0},"end":{"line":185,"column":32}},"185":{"start":{"line":186,"column":0},"end":{"line":186,"column":11}},"186":{"start":{"line":187,"column":0},"end":{"line":187,"column":59}},"187":{"start":{"line":188,"column":0},"end":{"line":188,"column":40}},"188":{"start":{"line":189,"column":0},"end":{"line":189,"column":52}},"189":{"start":{"line":190,"column":0},"end":{"line":190,"column":36}},"190":{"start":{"line":191,"column":0},"end":{"line":191,"column":75}},"191":{"start":{"line":192,"column":0},"end":{"line":192,"column":7}},"192":{"start":{"line":193,"column":0},"end":{"line":193,"column":98}},"193":{"start":{"line":194,"column":0},"end":{"line":194,"column":18}},"194":{"start":{"line":195,"column":0},"end":{"line":195,"column":60}},"195":{"start":{"line":196,"column":0},"end":{"line":196,"column":44}},"196":{"start":{"line":197,"column":0},"end":{"line":197,"column":10}},"197":{"start":{"line":198,"column":0},"end":{"line":198,"column":9}},"198":{"start":{"line":199,"column":0},"end":{"line":199,"column":57}},"199":{"start":{"line":200,"column":0},"end":{"line":200,"column":27}},"200":{"start":{"line":201,"column":0},"end":{"line":201,"column":5}},"201":{"start":{"line":202,"column":0},"end":{"line":202,"column":0}},"202":{"start":{"line":203,"column":0},"end":{"line":203,"column":13}},"203":{"start":{"line":204,"column":0},"end":{"line":204,"column":33}},"204":{"start":{"line":205,"column":0},"end":{"line":205,"column":11}},"205":{"start":{"line":206,"column":0},"end":{"line":206,"column":38}},"206":{"start":{"line":207,"column":0},"end":{"line":207,"column":20}},"207":{"start":{"line":208,"column":0},"end":{"line":208,"column":38}},"208":{"start":{"line":209,"column":0},"end":{"line":209,"column":7}},"209":{"start":{"line":210,"column":0},"end":{"line":210,"column":5}},"210":{"start":{"line":211,"column":0},"end":{"line":211,"column":16}},"211":{"start":{"line":212,"column":0},"end":{"line":212,"column":84}},"212":{"start":{"line":213,"column":0},"end":{"line":213,"column":92}},"213":{"start":{"line":214,"column":0},"end":{"line":214,"column":25}},"214":{"start":{"line":215,"column":0},"end":{"line":215,"column":65}},"215":{"start":{"line":216,"column":0},"end":{"line":216,"column":7}},"216":{"start":{"line":217,"column":0},"end":{"line":217,"column":35}},"217":{"start":{"line":218,"column":0},"end":{"line":218,"column":5}},"218":{"start":{"line":219,"column":0},"end":{"line":219,"column":0}},"219":{"start":{"line":220,"column":0},"end":{"line":220,"column":59}},"220":{"start":{"line":221,"column":0},"end":{"line":221,"column":30}},"221":{"start":{"line":222,"column":0},"end":{"line":222,"column":14}},"222":{"start":{"line":223,"column":0},"end":{"line":223,"column":17}},"223":{"start":{"line":224,"column":0},"end":{"line":224,"column":23}},"224":{"start":{"line":225,"column":0},"end":{"line":225,"column":25}},"225":{"start":{"line":226,"column":0},"end":{"line":226,"column":23}},"226":{"start":{"line":227,"column":0},"end":{"line":227,"column":35}},"227":{"start":{"line":228,"column":0},"end":{"line":228,"column":58}},"228":{"start":{"line":229,"column":0},"end":{"line":229,"column":47}},"229":{"start":{"line":230,"column":0},"end":{"line":230,"column":8}},"230":{"start":{"line":231,"column":0},"end":{"line":231,"column":7}},"231":{"start":{"line":232,"column":0},"end":{"line":232,"column":21}},"232":{"start":{"line":233,"column":0},"end":{"line":233,"column":17}},"233":{"start":{"line":234,"column":0},"end":{"line":234,"column":142}},"234":{"start":{"line":235,"column":0},"end":{"line":235,"column":12}},"235":{"start":{"line":236,"column":0},"end":{"line":236,"column":41}},"236":{"start":{"line":237,"column":0},"end":{"line":237,"column":6}},"237":{"start":{"line":238,"column":0},"end":{"line":238,"column":66}},"238":{"start":{"line":239,"column":0},"end":{"line":239,"column":29}},"239":{"start":{"line":240,"column":0},"end":{"line":240,"column":15}},"240":{"start":{"line":241,"column":0},"end":{"line":241,"column":72}},"241":{"start":{"line":242,"column":0},"end":{"line":242,"column":3}},"242":{"start":{"line":243,"column":0},"end":{"line":243,"column":3}},"243":{"start":{"line":244,"column":0},"end":{"line":244,"column":0}},"244":{"start":{"line":245,"column":0},"end":{"line":245,"column":77}},"245":{"start":{"line":246,"column":0},"end":{"line":246,"column":46}},"246":{"start":{"line":247,"column":0},"end":{"line":247,"column":20}},"247":{"start":{"line":248,"column":0},"end":{"line":248,"column":21}},"248":{"start":{"line":249,"column":0},"end":{"line":249,"column":53}},"249":{"start":{"line":250,"column":0},"end":{"line":250,"column":76}},"250":{"start":{"line":251,"column":0},"end":{"line":251,"column":8}},"251":{"start":{"line":252,"column":0},"end":{"line":252,"column":55}},"252":{"start":{"line":253,"column":0},"end":{"line":253,"column":47}},"253":{"start":{"line":254,"column":0},"end":{"line":254,"column":49}},"254":{"start":{"line":255,"column":0},"end":{"line":255,"column":21}},"255":{"start":{"line":256,"column":0},"end":{"line":256,"column":9}},"256":{"start":{"line":257,"column":0},"end":{"line":257,"column":63}},"257":{"start":{"line":258,"column":0},"end":{"line":258,"column":118}},"258":{"start":{"line":259,"column":0},"end":{"line":259,"column":34}},"259":{"start":{"line":260,"column":0},"end":{"line":260,"column":69}},"260":{"start":{"line":261,"column":0},"end":{"line":261,"column":69}},"261":{"start":{"line":262,"column":0},"end":{"line":262,"column":98}},"262":{"start":{"line":263,"column":0},"end":{"line":263,"column":6}},"263":{"start":{"line":264,"column":0},"end":{"line":264,"column":35}},"264":{"start":{"line":265,"column":0},"end":{"line":265,"column":69}},"265":{"start":{"line":266,"column":0},"end":{"line":266,"column":69}},"266":{"start":{"line":267,"column":0},"end":{"line":267,"column":109}},"267":{"start":{"line":268,"column":0},"end":{"line":268,"column":6}},"268":{"start":{"line":269,"column":0},"end":{"line":269,"column":35}},"269":{"start":{"line":270,"column":0},"end":{"line":270,"column":69}},"270":{"start":{"line":271,"column":0},"end":{"line":271,"column":69}},"271":{"start":{"line":272,"column":0},"end":{"line":272,"column":104}},"272":{"start":{"line":273,"column":0},"end":{"line":273,"column":6}},"273":{"start":{"line":274,"column":0},"end":{"line":274,"column":35}},"274":{"start":{"line":275,"column":0},"end":{"line":275,"column":69}},"275":{"start":{"line":276,"column":0},"end":{"line":276,"column":69}},"276":{"start":{"line":277,"column":0},"end":{"line":277,"column":110}},"277":{"start":{"line":278,"column":0},"end":{"line":278,"column":6}},"278":{"start":{"line":279,"column":0},"end":{"line":279,"column":8}},"279":{"start":{"line":280,"column":0},"end":{"line":280,"column":53}},"280":{"start":{"line":281,"column":0},"end":{"line":281,"column":3}},"281":{"start":{"line":282,"column":0},"end":{"line":282,"column":0}},"282":{"start":{"line":283,"column":0},"end":{"line":283,"column":39}},"283":{"start":{"line":284,"column":0},"end":{"line":284,"column":29}},"284":{"start":{"line":285,"column":0},"end":{"line":285,"column":3}},"285":{"start":{"line":286,"column":0},"end":{"line":286,"column":0}},"286":{"start":{"line":287,"column":0},"end":{"line":287,"column":40}},"287":{"start":{"line":288,"column":0},"end":{"line":288,"column":25}},"288":{"start":{"line":289,"column":0},"end":{"line":289,"column":41}},"289":{"start":{"line":290,"column":0},"end":{"line":290,"column":61}},"290":{"start":{"line":291,"column":0},"end":{"line":291,"column":17}},"291":{"start":{"line":292,"column":0},"end":{"line":292,"column":65}},"292":{"start":{"line":293,"column":0},"end":{"line":293,"column":33}},"293":{"start":{"line":294,"column":0},"end":{"line":294,"column":35}},"294":{"start":{"line":295,"column":0},"end":{"line":295,"column":31}},"295":{"start":{"line":296,"column":0},"end":{"line":296,"column":65}},"296":{"start":{"line":297,"column":0},"end":{"line":297,"column":75}},"297":{"start":{"line":298,"column":0},"end":{"line":298,"column":4}},"298":{"start":{"line":299,"column":0},"end":{"line":299,"column":28}},"299":{"start":{"line":300,"column":0},"end":{"line":300,"column":56}},"300":{"start":{"line":301,"column":0},"end":{"line":301,"column":25}},"301":{"start":{"line":302,"column":0},"end":{"line":302,"column":3}},"302":{"start":{"line":303,"column":0},"end":{"line":303,"column":0}},"303":{"start":{"line":304,"column":0},"end":{"line":304,"column":24}},"304":{"start":{"line":305,"column":0},"end":{"line":305,"column":33}},"305":{"start":{"line":306,"column":0},"end":{"line":306,"column":1}},"306":{"start":{"line":307,"column":0},"end":{"line":307,"column":0}},"307":{"start":{"line":308,"column":0},"end":{"line":308,"column":24}},"308":{"start":{"line":309,"column":0},"end":{"line":309,"column":64}},"309":{"start":{"line":310,"column":0},"end":{"line":310,"column":3}}},"s":{"0":0,"1":0,"2":0,"3":0,"4":0,"5":0,"6":0,"7":0,"8":0,"9":0,"10":0,"11":0,"12":0,"13":0,"14":0,"15":0,"16":0,"17":0,"18":0,"19":0,"20":0,"21":0,"22":0,"23":0,"24":0,"25":0,"26":0,"27":0,"28":0,"29":0,"30":0,"31":0,"32":0,"33":0,"34":0,"35":0,"36":0,"37":0,"38":0,"39":0,"40":0,"41":0,"42":0,"43":0,"44":0,"45":0,"46":0,"47":0,"48":0,"49":0,"50":0,"51":0,"52":0,"53":0,"54":0,"55":0,"56":0,"57":0,"58":0,"59":0,"60":0,"61":0,"62":0,"63":0,"64":0,"65":0,"66":0,"67":0,"68":0,"69":0,"70":0,"71":0,"72":0,"73":0,"74":0,"75":0,"76":0,"77":0,"78":0,"79":0,"80":0,"81":0,"82":0,"83":0,"84":0,"85":0,"86":0,"87":0,"88":0,"89":0,"90":0,"91":0,"92":0,"93":0,"94":0,"95":0,"96":0,"97":0,"98":0,"99":0,"100":0,"101":0,"102":0,"103":0,"104":0,"105":0,"106":0,"107":0,"108":0,"109":0,"110":0,"111":0,"112":0,"113":0,"114":0,"115":0,"116":0,"117":0,"118":0,"119":0,"120":0,"121":0,"122":0,"123":0,"124":0,"125":0,"126":0,"127":0,"128":0,"129":0,"130":0,"131":0,"132":0,"133":0,"134":0,"135":0,"136":0,"137":0,"138":0,"139":0,"140":0,"141":0,"142":0,"143":0,"144":0,"145":0,"146":0,"147":0,"148":0,"149":0,"150":0,"151":0,"152":0,"153":0,"154":0,"155":0,"156":0,"157":0,"158":0,"159":0,"160":0,"161":0,"162":0,"163":0,"164":0,"165":0,"166":0,"167":0,"168":0,"169":0,"170":0,"171":0,"172":0,"173":0,"174":0,"175":0,"176":0,"177":0,"178":0,"179":0,"180":0,"181":0,"182":0,"183":0,"184":0,"185":0,"186":0,"187":0,"188":0,"189":0,"190":0,"191":0,"192":0,"193":0,"194":0,"195":0,"196":0,"197":0,"198":0,"199":0,"200":0,"201":0,"202":0,"203":0,"204":0,"205":0,"206":0,"207":0,"208":0,"209":0,"210":0,"211":0,"212":0,"213":0,"214":0,"215":0,"216":0,"217":0,"218":0,"219":0,"220":0,"221":0,"222":0,"223":0,"224":0,"225":0,"226":0,"227":0,"228":0,"229":0,"230":0,"231":0,"232":0,"233":0,"234":0,"235":0,"236":0,"237":0,"238":0,"239":0,"240":0,"241":0,"242":0,"243":0,"244":0,"245":0,"246":0,"247":0,"248":0,"249":0,"250":0,"251":0,"252":0,"253":0,"254":0,"255":0,"256":0,"257":0,"258":0,"259":0,"260":0,"261":0,"262":0,"263":0,"264":0,"265":0,"266":0,"267":0,"268":0,"269":0,"270":0,"271":0,"272":0,"273":0,"274":0,"275":0,"276":0,"277":0,"278":0,"279":0,"280":0,"281":0,"282":0,"283":0,"284":0,"285":0,"286":0,"287":0,"288":0,"289":0,"290":0,"291":0,"292":0,"293":0,"294":0,"295":0,"296":0,"297":0,"298":0,"299":0,"300":0,"301":0,"302":0,"303":0,"304":0,"305":0,"306":0,"307":0,"308":0,"309":0},"branchMap":{"0":{"type":"branch","line":1,"loc":{"start":{"line":1,"column":0},"end":{"line":310,"column":-1170}},"locations":[{"start":{"line":1,"column":0},"end":{"line":310,"column":-1170}}]}},"b":{"0":[0]},"fnMap":{"0":{"name":"(empty-report)","decl":{"start":{"line":1,"column":0},"end":{"line":310,"column":-1170}},"loc":{"start":{"line":1,"column":0},"end":{"line":310,"column":-1170}},"line":1}},"f":{"0":0}}
,"/workspace/server/openapi.js": {"path":"/workspace/server/openapi.js","all":true,"statementMap":{"0":{"start":{"line":1,"column":0},"end":{"line":1,"column":28}},"1":{"start":{"line":2,"column":0},"end":{"line":2,"column":19}},"2":{"start":{"line":3,"column":0},"end":{"line":3,"column":9}},"3":{"start":{"line":4,"column":0},"end":{"line":4,"column":28}},"4":{"start":{"line":5,"column":0},"end":{"line":5,"column":21}},"5":{"start":{"line":6,"column":0},"end":{"line":6,"column":4}},"6":{"start":{"line":7,"column":0},"end":{"line":7,"column":46}},"7":{"start":{"line":8,"column":0},"end":{"line":8,"column":10}},"8":{"start":{"line":9,"column":0},"end":{"line":9,"column":20}},"9":{"start":{"line":10,"column":0},"end":{"line":10,"column":12}},"10":{"start":{"line":11,"column":0},"end":{"line":11,"column":32}},"11":{"start":{"line":12,"column":0},"end":{"line":12,"column":50}},"12":{"start":{"line":13,"column":0},"end":{"line":13,"column":8}},"13":{"start":{"line":14,"column":0},"end":{"line":14,"column":6}},"14":{"start":{"line":15,"column":0},"end":{"line":15,"column":18}},"15":{"start":{"line":16,"column":0},"end":{"line":16,"column":13}},"16":{"start":{"line":17,"column":0},"end":{"line":17,"column":29}},"17":{"start":{"line":18,"column":0},"end":{"line":18,"column":22}},"18":{"start":{"line":19,"column":0},"end":{"line":19,"column":25}},"19":{"start":{"line":20,"column":0},"end":{"line":20,"column":20}},"20":{"start":{"line":21,"column":0},"end":{"line":21,"column":33}},"21":{"start":{"line":22,"column":0},"end":{"line":22,"column":23}},"22":{"start":{"line":23,"column":0},"end":{"line":23,"column":31}},"23":{"start":{"line":24,"column":0},"end":{"line":24,"column":60}},"24":{"start":{"line":25,"column":0},"end":{"line":25,"column":38}},"25":{"start":{"line":26,"column":0},"end":{"line":26,"column":16}},"26":{"start":{"line":27,"column":0},"end":{"line":27,"column":14}},"27":{"start":{"line":28,"column":0},"end":{"line":28,"column":12}},"28":{"start":{"line":29,"column":0},"end":{"line":29,"column":10}},"29":{"start":{"line":30,"column":0},"end":{"line":30,"column":61}},"30":{"start":{"line":31,"column":0},"end":{"line":31,"column":8}},"31":{"start":{"line":32,"column":0},"end":{"line":32,"column":6}},"32":{"start":{"line":33,"column":0},"end":{"line":33,"column":28}},"33":{"start":{"line":34,"column":0},"end":{"line":34,"column":12}},"34":{"start":{"line":35,"column":0},"end":{"line":35,"column":37}},"35":{"start":{"line":36,"column":0},"end":{"line":36,"column":57}},"36":{"start":{"line":37,"column":0},"end":{"line":37,"column":8}},"37":{"start":{"line":38,"column":0},"end":{"line":38,"column":6}},"38":{"start":{"line":39,"column":0},"end":{"line":39,"column":34}},"39":{"start":{"line":40,"column":0},"end":{"line":40,"column":12}},"40":{"start":{"line":41,"column":0},"end":{"line":41,"column":43}},"41":{"start":{"line":42,"column":0},"end":{"line":42,"column":57}},"42":{"start":{"line":43,"column":0},"end":{"line":43,"column":8}},"43":{"start":{"line":44,"column":0},"end":{"line":44,"column":6}},"44":{"start":{"line":45,"column":0},"end":{"line":45,"column":4}},"45":{"start":{"line":46,"column":0},"end":{"line":46,"column":2}}},"s":{"0":0,"1":0,"2":0,"3":0,"4":0,"5":0,"6":0,"7":0,"8":0,"9":0,"10":0,"11":0,"12":0,"13":0,"14":0,"15":0,"16":0,"17":0,"18":0,"19":0,"20":0,"21":0,"22":0,"23":0,"24":0,"25":0,"26":0,"27":0,"28":0,"29":0,"30":0,"31":0,"32":0,"33":0,"34":0,"35":0,"36":0,"37":0,"38":0,"39":0,"40":0,"41":0,"42":0,"43":0,"44":0,"45":0},"branchMap":{"0":{"type":"branch","line":1,"loc":{"start":{"line":1,"column":1091},"end":{"line":46,"column":2}},"locations":[{"start":{"line":1,"column":1091},"end":{"line":46,"column":2}}]}},"b":{"0":[0]},"fnMap":{"0":{"name":"(empty-report)","decl":{"start":{"line":1,"column":1091},"end":{"line":46,"column":2}},"loc":{"start":{"line":1,"column":1091},"end":{"line":46,"column":2}},"line":1}},"f":{"0":0}}
,"/workspace/src/App.tsx": {"path":"/workspace/src/App.tsx","all":true,"statementMap":{"0":{"start":{"line":1,"column":0},"end":{"line":1,"column":39}},"1":{"start":{"line":2,"column":0},"end":{"line":2,"column":50}},"2":{"start":{"line":3,"column":0},"end":{"line":3,"column":59}},"3":{"start":{"line":4,"column":0},"end":{"line":4,"column":58}},"4":{"start":{"line":5,"column":0},"end":{"line":5,"column":73}},"5":{"start":{"line":6,"column":0},"end":{"line":6,"column":64}},"6":{"start":{"line":7,"column":0},"end":{"line":7,"column":45}},"7":{"start":{"line":8,"column":0},"end":{"line":8,"column":50}},"8":{"start":{"line":9,"column":0},"end":{"line":9,"column":56}},"9":{"start":{"line":10,"column":0},"end":{"line":10,"column":52}},"10":{"start":{"line":11,"column":0},"end":{"line":11,"column":48}},"11":{"start":{"line":12,"column":0},"end":{"line":12,"column":54}},"12":{"start":{"line":13,"column":0},"end":{"line":13,"column":66}},"13":{"start":{"line":14,"column":0},"end":{"line":14,"column":54}},"14":{"start":{"line":15,"column":0},"end":{"line":15,"column":48}},"15":{"start":{"line":16,"column":0},"end":{"line":16,"column":56}},"17":{"start":{"line":18,"column":0},"end":{"line":18,"column":37}},"18":{"start":{"line":19,"column":0},"end":{"line":19,"column":19}},"19":{"start":{"line":20,"column":0},"end":{"line":20,"column":14}},"20":{"start":{"line":21,"column":0},"end":{"line":21,"column":27}},"21":{"start":{"line":22,"column":0},"end":{"line":22,"column":15}},"22":{"start":{"line":23,"column":0},"end":{"line":23,"column":34}},"23":{"start":{"line":24,"column":0},"end":{"line":24,"column":6}},"24":{"start":{"line":25,"column":0},"end":{"line":25,"column":4}},"25":{"start":{"line":26,"column":0},"end":{"line":26,"column":3}},"27":{"start":{"line":28,"column":0},"end":{"line":28,"column":19}},"28":{"start":{"line":29,"column":0},"end":{"line":29,"column":44}},"29":{"start":{"line":30,"column":0},"end":{"line":30,"column":21}},"30":{"start":{"line":31,"column":0},"end":{"line":31,"column":17}},"31":{"start":{"line":32,"column":0},"end":{"line":32,"column":16}},"32":{"start":{"line":33,"column":0},"end":{"line":33,"column":21}},"33":{"start":{"line":34,"column":0},"end":{"line":34,"column":52}},"34":{"start":{"line":35,"column":0},"end":{"line":35,"column":20}},"35":{"start":{"line":36,"column":0},"end":{"line":36,"column":89}},"36":{"start":{"line":37,"column":0},"end":{"line":37,"column":20}},"37":{"start":{"line":38,"column":0},"end":{"line":38,"column":52}},"38":{"start":{"line":39,"column":0},"end":{"line":39,"column":63}},"39":{"start":{"line":40,"column":0},"end":{"line":40,"column":59}},"40":{"start":{"line":41,"column":0},"end":{"line":41,"column":55}},"41":{"start":{"line":42,"column":0},"end":{"line":42,"column":61}},"42":{"start":{"line":43,"column":0},"end":{"line":43,"column":61}},"43":{"start":{"line":44,"column":0},"end":{"line":44,"column":55}},"44":{"start":{"line":45,"column":0},"end":{"line":45,"column":71}},"46":{"start":{"line":47,"column":0},"end":{"line":47,"column":55}},"55":{"start":{"line":56,"column":0},"end":{"line":56,"column":19}}},"s":{"0":0,"1":0,"2":0,"3":0,"4":0,"5":0,"6":0,"7":0,"8":0,"9":0,"10":0,"11":0,"12":0,"13":0,"14":0,"15":0,"17":0,"18":0,"19":0,"20":0,"21":0,"22":0,"23":0,"24":0,"25":0,"27":0,"28":0,"29":0,"30":0,"31":0,"32":0,"33":0,"34":0,"35":0,"36":0,"37":0,"38":0,"39":0,"40":0,"41":0,"42":0,"43":0,"44":0,"46":0,"55":0},"branchMap":{"0":{"type":"branch","line":1,"loc":{"start":{"line":1,"column":0},"end":{"line":56,"column":-1157}},"locations":[{"start":{"line":1,"column":0},"end":{"line":56,"column":-1157}}]}},"b":{"0":[0]},"fnMap":{"0":{"name":"(empty-report)","decl":{"start":{"line":1,"column":0},"end":{"line":56,"column":-1157}},"loc":{"start":{"line":1,"column":0},"end":{"line":56,"column":-1157}},"line":1}},"f":{"0":0}}
,"/workspace/src/main.tsx": {"path":"/workspace/src/main.tsx","all":true,"statementMap":{"0":{"start":{"line":1,"column":0},"end":{"line":1,"column":26}},"1":{"start":{"line":2,"column":0},"end":{"line":2,"column":46}},"2":{"start":{"line":3,"column":0},"end":{"line":3,"column":28}},"3":{"start":{"line":4,"column":0},"end":{"line":4,"column":21}},"4":{"start":{"line":5,"column":0},"end":{"line":5,"column":39}},"6":{"start":{"line":7,"column":0},"end":{"line":7,"column":62}},"7":{"start":{"line":8,"column":0},"end":{"line":8,"column":15}},"8":{"start":{"line":9,"column":0},"end":{"line":9,"column":41}},"9":{"start":{"line":10,"column":0},"end":{"line":10,"column":83}},"10":{"start":{"line":11,"column":0},"end":{"line":11,"column":26}},"11":{"start":{"line":12,"column":0},"end":{"line":12,"column":34}},"12":{"start":{"line":13,"column":0},"end":{"line":13,"column":34}},"13":{"start":{"line":14,"column":0},"end":{"line":14,"column":4}},"14":{"start":{"line":15,"column":0},"end":{"line":15,"column":1}},"16":{"start":{"line":17,"column":0},"end":{"line":17,"column":52}},"17":{"start":{"line":18,"column":0},"end":{"line":18,"column":20}},"18":{"start":{"line":19,"column":0},"end":{"line":19,"column":11}}},"s":{"0":0,"1":0,"2":0,"3":0,"4":0,"6":0,"7":0,"8":0,"9":0,"10":0,"11":0,"12":0,"13":0,"14":0,"16":0,"17":0,"18":0},"branchMap":{"0":{"type":"branch","line":1,"loc":{"start":{"line":1,"column":0},"end":{"line":21,"column":-400}},"locations":[{"start":{"line":1,"column":0},"end":{"line":21,"column":-400}}]}},"b":{"0":[0]},"fnMap":{"0":{"name":"(empty-report)","decl":{"start":{"line":1,"column":0},"end":{"line":21,"column":-400}},"loc":{"start":{"line":1,"column":0},"end":{"line":21,"column":-400}},"line":1}},"f":{"0":0}}
,"/workspace/src/components/AddMeasurementDialog.tsx": {"path":"/workspace/src/components/AddMeasurementDialog.tsx","all":true,"statementMap":{"0":{"start":{"line":1,"column":0},"end":{"line":1,"column":33}},"30":{"start":{"line":31,"column":0},"end":{"line":31,"column":26}},"31":{"start":{"line":32,"column":0},"end":{"line":32,"column":61}},"32":{"start":{"line":33,"column":0},"end":{"line":33,"column":58}},"33":{"start":{"line":34,"column":0},"end":{"line":34,"column":58}},"34":{"start":{"line":35,"column":0},"end":{"line":35,"column":56}},"35":{"start":{"line":36,"column":0},"end":{"line":36,"column":58}},"36":{"start":{"line":37,"column":0},"end":{"line":37,"column":58}},"37":{"start":{"line":38,"column":0},"end":{"line":38,"column":56}},"38":{"start":{"line":39,"column":0},"end":{"line":39,"column":2}},"40":{"start":{"line":41,"column":0},"end":{"line":41,"column":90}},"41":{"start":{"line":42,"column":0},"end":{"line":42,"column":42}},"42":{"start":{"line":43,"column":0},"end":{"line":43,"column":39}},"43":{"start":{"line":44,"column":0},"end":{"line":44,"column":41}},"44":{"start":{"line":45,"column":0},"end":{"line":45,"column":39}},"45":{"start":{"line":46,"column":0},"end":{"line":46,"column":31}},"47":{"start":{"line":48,"column":0},"end":{"line":48,"column":70}},"49":{"start":{"line":50,"column":0},"end":{"line":50,"column":48}},"50":{"start":{"line":51,"column":0},"end":{"line":51,"column":23}},"52":{"start":{"line":53,"column":0},"end":{"line":53,"column":35}},"53":{"start":{"line":54,"column":0},"end":{"line":54,"column":13}},"54":{"start":{"line":55,"column":0},"end":{"line":55,"column":37}},"55":{"start":{"line":56,"column":0},"end":{"line":56,"column":49}},"56":{"start":{"line":57,"column":0},"end":{"line":57,"column":31}},"57":{"start":{"line":58,"column":0},"end":{"line":58,"column":9}},"58":{"start":{"line":59,"column":0},"end":{"line":59,"column":13}},"59":{"start":{"line":60,"column":0},"end":{"line":60,"column":5}},"61":{"start":{"line":62,"column":0},"end":{"line":62,"column":43}},"62":{"start":{"line":63,"column":0},"end":{"line":63,"column":51}},"63":{"start":{"line":64,"column":0},"end":{"line":64,"column":13}},"64":{"start":{"line":65,"column":0},"end":{"line":65,"column":31}},"65":{"start":{"line":66,"column":0},"end":{"line":66,"column":60}},"66":{"start":{"line":67,"column":0},"end":{"line":67,"column":31}},"67":{"start":{"line":68,"column":0},"end":{"line":68,"column":9}},"68":{"start":{"line":69,"column":0},"end":{"line":69,"column":13}},"69":{"start":{"line":70,"column":0},"end":{"line":70,"column":5}},"71":{"start":{"line":72,"column":0},"end":{"line":72,"column":22}},"72":{"start":{"line":73,"column":0},"end":{"line":73,"column":11}},"73":{"start":{"line":74,"column":0},"end":{"line":74,"column":26}},"74":{"start":{"line":75,"column":0},"end":{"line":75,"column":11}},"75":{"start":{"line":76,"column":0},"end":{"line":76,"column":37}},"76":{"start":{"line":77,"column":0},"end":{"line":77,"column":7}},"78":{"start":{"line":79,"column":0},"end":{"line":79,"column":11}},"79":{"start":{"line":80,"column":0},"end":{"line":80,"column":34}},"80":{"start":{"line":81,"column":0},"end":{"line":81,"column":62}},"81":{"start":{"line":82,"column":0},"end":{"line":82,"column":7}},"83":{"start":{"line":84,"column":0},"end":{"line":84,"column":17}},"84":{"start":{"line":85,"column":0},"end":{"line":85,"column":16}},"85":{"start":{"line":86,"column":0},"end":{"line":86,"column":17}},"86":{"start":{"line":87,"column":0},"end":{"line":87,"column":16}},"87":{"start":{"line":88,"column":0},"end":{"line":88,"column":19}},"88":{"start":{"line":89,"column":0},"end":{"line":89,"column":4}},"90":{"start":{"line":91,"column":0},"end":{"line":91,"column":10}},"91":{"start":{"line":92,"column":0},"end":{"line":92,"column":47}},"92":{"start":{"line":93,"column":0},"end":{"line":93,"column":29}},"93":{"start":{"line":94,"column":0},"end":{"line":94,"column":49}},"94":{"start":{"line":95,"column":0},"end":{"line":95,"column":38}},"98":{"start":{"line":99,"column":0},"end":{"line":99,"column":45}},"99":{"start":{"line":100,"column":0},"end":{"line":100,"column":22}},"100":{"start":{"line":101,"column":0},"end":{"line":101,"column":56}},"102":{"start":{"line":103,"column":0},"end":{"line":103,"column":60}},"103":{"start":{"line":104,"column":0},"end":{"line":104,"column":37}},"104":{"start":{"line":105,"column":0},"end":{"line":105,"column":58}},"105":{"start":{"line":106,"column":0},"end":{"line":106,"column":19}},"106":{"start":{"line":107,"column":0},"end":{"line":107,"column":26}},"107":{"start":{"line":108,"column":0},"end":{"line":108,"column":41}},"108":{"start":{"line":109,"column":0},"end":{"line":109,"column":31}},"109":{"start":{"line":110,"column":0},"end":{"line":110,"column":60}},"110":{"start":{"line":111,"column":0},"end":{"line":111,"column":16}},"112":{"start":{"line":113,"column":0},"end":{"line":113,"column":29}},"113":{"start":{"line":114,"column":0},"end":{"line":114,"column":69}},"115":{"start":{"line":116,"column":0},"end":{"line":116,"column":29}},"116":{"start":{"line":117,"column":0},"end":{"line":117,"column":49}},"117":{"start":{"line":118,"column":0},"end":{"line":118,"column":66}},"118":{"start":{"line":119,"column":0},"end":{"line":119,"column":32}},"125":{"start":{"line":126,"column":0},"end":{"line":126,"column":37}},"126":{"start":{"line":127,"column":0},"end":{"line":127,"column":48}},"127":{"start":{"line":128,"column":0},"end":{"line":128,"column":18}},"128":{"start":{"line":129,"column":0},"end":{"line":129,"column":24}},"129":{"start":{"line":130,"column":0},"end":{"line":130,"column":27}},"130":{"start":{"line":131,"column":0},"end":{"line":131,"column":24}},"131":{"start":{"line":132,"column":0},"end":{"line":132,"column":51}},"132":{"start":{"line":133,"column":0},"end":{"line":133,"column":27}},"133":{"start":{"line":134,"column":0},"end":{"line":134,"column":56}},"137":{"start":{"line":138,"column":0},"end":{"line":138,"column":37}},"138":{"start":{"line":139,"column":0},"end":{"line":139,"column":46}},"139":{"start":{"line":140,"column":0},"end":{"line":140,"column":82}},"140":{"start":{"line":141,"column":0},"end":{"line":141,"column":29}},"141":{"start":{"line":142,"column":0},"end":{"line":142,"column":57}},"143":{"start":{"line":144,"column":0},"end":{"line":144,"column":29}},"144":{"start":{"line":145,"column":0},"end":{"line":145,"column":58}},"145":{"start":{"line":146,"column":0},"end":{"line":146,"column":66}},"146":{"start":{"line":147,"column":0},"end":{"line":147,"column":32}},"153":{"start":{"line":154,"column":0},"end":{"line":154,"column":43}},"154":{"start":{"line":155,"column":0},"end":{"line":155,"column":19}},"155":{"start":{"line":156,"column":0},"end":{"line":156,"column":27}},"156":{"start":{"line":157,"column":0},"end":{"line":157,"column":31}},"157":{"start":{"line":158,"column":0},"end":{"line":158,"column":44}},"158":{"start":{"line":159,"column":0},"end":{"line":159,"column":32}},"159":{"start":{"line":160,"column":0},"end":{"line":160,"column":13}},"162":{"start":{"line":163,"column":0},"end":{"line":163,"column":71}},"170":{"start":{"line":171,"column":0},"end":{"line":171,"column":2}}},"s":{"0":0,"30":0,"31":0,"32":0,"33":0,"34":0,"35":0,"36":0,"37":0,"38":0,"40":0,"41":0,"42":0,"43":0,"44":0,"45":0,"47":0,"49":0,"50":0,"52":0,"53":0,"54":0,"55":0,"56":0,"57":0,"58":0,"59":0,"61":0,"62":0,"63":0,"64":0,"65":0,"66":0,"67":0,"68":0,"69":0,"71":0,"72":0,"73":0,"74":0,"75":0,"76":0,"78":0,"79":0,"80":0,"81":0,"83":0,"84":0,"85":0,"86":0,"87":0,"88":0,"90":0,"91":0,"92":0,"93":0,"94":0,"98":0,"99":0,"100":0,"102":0,"103":0,"104":0,"105":0,"106":0,"107":0,"108":0,"109":0,"110":0,"112":0,"113":0,"115":0,"116":0,"117":0,"118":0,"125":0,"126":0,"127":0,"128":0,"129":0,"130":0,"131":0,"132":0,"133":0,"137":0,"138":0,"139":0,"140":0,"141":0,"143":0,"144":0,"145":0,"146":0,"153":0,"154":0,"155":0,"156":0,"157":0,"158":0,"159":0,"162":0,"170":0},"branchMap":{"0":{"type":"branch","line":1,"loc":{"start":{"line":1,"column":0},"end":{"line":171,"column":-2345}},"locations":[{"start":{"line":1,"column":0},"end":{"line":171,"column":-2345}}]}},"b":{"0":[0]},"fnMap":{"0":{"name":"(empty-report)","decl":{"start":{"line":1,"column":0},"end":{"line":171,"column":-2345}},"loc":{"start":{"line":1,"column":0},"end":{"line":171,"column":-2345}},"line":1}},"f":{"0":0}}
,"/workspace/src/components/GoalCard.tsx": {"path":"/workspace/src/components/GoalCard.tsx","all":true,"statementMap":{"0":{"start":{"line":1,"column":0},"end":{"line":1,"column":80}},"23":{"start":{"line":24,"column":0},"end":{"line":24,"column":84}},"24":{"start":{"line":25,"column":0},"end":{"line":25,"column":69}},"25":{"start":{"line":26,"column":0},"end":{"line":26,"column":38}},"26":{"start":{"line":27,"column":0},"end":{"line":27,"column":29}},"27":{"start":{"line":28,"column":0},"end":{"line":28,"column":87}},"30":{"start":{"line":31,"column":0},"end":{"line":31,"column":32}},"31":{"start":{"line":32,"column":0},"end":{"line":32,"column":38}},"32":{"start":{"line":33,"column":0},"end":{"line":33,"column":43}},"33":{"start":{"line":34,"column":0},"end":{"line":34,"column":23}},"34":{"start":{"line":35,"column":0},"end":{"line":35,"column":4}},"36":{"start":{"line":37,"column":0},"end":{"line":37,"column":31}},"37":{"start":{"line":38,"column":0},"end":{"line":38,"column":40}},"38":{"start":{"line":39,"column":0},"end":{"line":39,"column":39}},"39":{"start":{"line":40,"column":0},"end":{"line":40,"column":43}},"40":{"start":{"line":41,"column":0},"end":{"line":41,"column":35}},"41":{"start":{"line":42,"column":0},"end":{"line":42,"column":4}},"43":{"start":{"line":44,"column":0},"end":{"line":44,"column":10}},"44":{"start":{"line":45,"column":0},"end":{"line":45,"column":103}},"45":{"start":{"line":46,"column":0},"end":{"line":46,"column":82}},"46":{"start":{"line":47,"column":0},"end":{"line":47,"column":35}},"47":{"start":{"line":48,"column":0},"end":{"line":48,"column":65}},"48":{"start":{"line":49,"column":0},"end":{"line":49,"column":98}},"49":{"start":{"line":50,"column":0},"end":{"line":50,"column":24}},"51":{"start":{"line":52,"column":0},"end":{"line":52,"column":77}},"53":{"start":{"line":54,"column":0},"end":{"line":54,"column":42}},"54":{"start":{"line":55,"column":0},"end":{"line":55,"column":26}},"55":{"start":{"line":56,"column":0},"end":{"line":56,"column":52}},"57":{"start":{"line":58,"column":0},"end":{"line":58,"column":46}},"59":{"start":{"line":60,"column":0},"end":{"line":60,"column":27}},"63":{"start":{"line":64,"column":0},"end":{"line":64,"column":41}},"64":{"start":{"line":65,"column":0},"end":{"line":65,"column":35}},"65":{"start":{"line":66,"column":0},"end":{"line":66,"column":56}},"66":{"start":{"line":67,"column":0},"end":{"line":67,"column":67}},"67":{"start":{"line":68,"column":0},"end":{"line":68,"column":42}},"68":{"start":{"line":69,"column":0},"end":{"line":69,"column":56}},"71":{"start":{"line":72,"column":0},"end":{"line":72,"column":55}},"72":{"start":{"line":73,"column":0},"end":{"line":73,"column":68}},"73":{"start":{"line":74,"column":0},"end":{"line":74,"column":43}},"77":{"start":{"line":78,"column":0},"end":{"line":78,"column":26}},"78":{"start":{"line":79,"column":0},"end":{"line":79,"column":38}},"79":{"start":{"line":80,"column":0},"end":{"line":80,"column":19}},"80":{"start":{"line":81,"column":0},"end":{"line":81,"column":31}},"81":{"start":{"line":82,"column":0},"end":{"line":82,"column":23}},"82":{"start":{"line":83,"column":0},"end":{"line":83,"column":53}},"83":{"start":{"line":84,"column":0},"end":{"line":84,"column":32}},"84":{"start":{"line":85,"column":0},"end":{"line":85,"column":13}},"87":{"start":{"line":88,"column":0},"end":{"line":88,"column":33}},"88":{"start":{"line":89,"column":0},"end":{"line":89,"column":21}},"89":{"start":{"line":90,"column":0},"end":{"line":90,"column":32}},"90":{"start":{"line":91,"column":0},"end":{"line":91,"column":25}},"91":{"start":{"line":92,"column":0},"end":{"line":92,"column":57}},"92":{"start":{"line":93,"column":0},"end":{"line":93,"column":34}},"93":{"start":{"line":94,"column":0},"end":{"line":94,"column":15}},"102":{"start":{"line":103,"column":0},"end":{"line":103,"column":2}}},"s":{"0":0,"23":0,"24":0,"25":0,"26":0,"27":0,"30":0,"31":0,"32":0,"33":0,"34":0,"36":0,"37":0,"38":0,"39":0,"40":0,"41":0,"43":0,"44":0,"45":0,"46":0,"47":0,"48":0,"49":0,"51":0,"53":0,"54":0,"55":0,"57":0,"59":0,"63":0,"64":0,"65":0,"66":0,"67":0,"68":0,"71":0,"72":0,"73":0,"77":0,"78":0,"79":0,"80":0,"81":0,"82":0,"83":0,"84":0,"87":0,"88":0,"89":0,"90":0,"91":0,"92":0,"93":0,"102":0},"branchMap":{"0":{"type":"branch","line":1,"loc":{"start":{"line":1,"column":0},"end":{"line":103,"column":-1493}},"locations":[{"start":{"line":1,"column":0},"end":{"line":103,"column":-1493}}]}},"b":{"0":[0]},"fnMap":{"0":{"name":"(empty-report)","decl":{"start":{"line":1,"column":0},"end":{"line":103,"column":-1493}},"loc":{"start":{"line":1,"column":0},"end":{"line":103,"column":-1493}},"line":1}},"f":{"0":0}}
,"/workspace/src/components/MeasurementCard.tsx": {"path":"/workspace/src/components/MeasurementCard.tsx","all":true,"statementMap":{"0":{"start":{"line":1,"column":0},"end":{"line":1,"column":80}},"13":{"start":{"line":14,"column":0},"end":{"line":14,"column":33}},"14":{"start":{"line":15,"column":0},"end":{"line":15,"column":8}},"15":{"start":{"line":16,"column":0},"end":{"line":16,"column":8}},"16":{"start":{"line":17,"column":0},"end":{"line":17,"column":7}},"17":{"start":{"line":18,"column":0},"end":{"line":18,"column":9}},"18":{"start":{"line":19,"column":0},"end":{"line":19,"column":9}},"19":{"start":{"line":20,"column":0},"end":{"line":20,"column":7}},"20":{"start":{"line":21,"column":0},"end":{"line":21,"column":29}},"21":{"start":{"line":22,"column":0},"end":{"line":22,"column":30}},"22":{"start":{"line":23,"column":0},"end":{"line":23,"column":54}},"23":{"start":{"line":24,"column":0},"end":{"line":24,"column":62}},"24":{"start":{"line":25,"column":0},"end":{"line":25,"column":48}},"25":{"start":{"line":26,"column":0},"end":{"line":26,"column":4}},"27":{"start":{"line":28,"column":0},"end":{"line":28,"column":31}},"28":{"start":{"line":29,"column":0},"end":{"line":29,"column":48}},"29":{"start":{"line":30,"column":0},"end":{"line":30,"column":42}},"30":{"start":{"line":31,"column":0},"end":{"line":31,"column":30}},"31":{"start":{"line":32,"column":0},"end":{"line":32,"column":4}},"33":{"start":{"line":34,"column":0},"end":{"line":34,"column":39}},"34":{"start":{"line":35,"column":0},"end":{"line":35,"column":42}},"35":{"start":{"line":36,"column":0},"end":{"line":36,"column":49}},"36":{"start":{"line":37,"column":0},"end":{"line":37,"column":4}},"38":{"start":{"line":39,"column":0},"end":{"line":39,"column":10}},"39":{"start":{"line":40,"column":0},"end":{"line":40,"column":103}},"40":{"start":{"line":41,"column":0},"end":{"line":41,"column":88}},"41":{"start":{"line":42,"column":0},"end":{"line":42,"column":92}},"42":{"start":{"line":43,"column":0},"end":{"line":43,"column":18}},"43":{"start":{"line":44,"column":0},"end":{"line":44,"column":96}},"44":{"start":{"line":45,"column":0},"end":{"line":45,"column":18}},"48":{"start":{"line":49,"column":0},"end":{"line":49,"column":19}},"49":{"start":{"line":50,"column":0},"end":{"line":50,"column":59}},"50":{"start":{"line":51,"column":0},"end":{"line":51,"column":62}},"51":{"start":{"line":52,"column":0},"end":{"line":52,"column":19}},"52":{"start":{"line":53,"column":0},"end":{"line":53,"column":90}},"54":{"start":{"line":55,"column":0},"end":{"line":55,"column":36}},"55":{"start":{"line":56,"column":0},"end":{"line":56,"column":78}},"56":{"start":{"line":57,"column":0},"end":{"line":57,"column":30}},"57":{"start":{"line":58,"column":0},"end":{"line":58,"column":32}},"58":{"start":{"line":59,"column":0},"end":{"line":59,"column":20}},"63":{"start":{"line":64,"column":0},"end":{"line":64,"column":20}},"64":{"start":{"line":65,"column":0},"end":{"line":65,"column":32}},"65":{"start":{"line":66,"column":0},"end":{"line":66,"column":85}},"66":{"start":{"line":67,"column":0},"end":{"line":67,"column":43}},"67":{"start":{"line":68,"column":0},"end":{"line":68,"column":20}},"68":{"start":{"line":69,"column":0},"end":{"line":69,"column":24}},"69":{"start":{"line":70,"column":0},"end":{"line":70,"column":22}},"72":{"start":{"line":73,"column":0},"end":{"line":73,"column":66}},"73":{"start":{"line":74,"column":0},"end":{"line":74,"column":18}},"74":{"start":{"line":75,"column":0},"end":{"line":75,"column":89}},"75":{"start":{"line":76,"column":0},"end":{"line":76,"column":64}},"83":{"start":{"line":84,"column":0},"end":{"line":84,"column":2}}},"s":{"0":0,"13":0,"14":0,"15":0,"16":0,"17":0,"18":0,"19":0,"20":0,"21":0,"22":0,"23":0,"24":0,"25":0,"27":0,"28":0,"29":0,"30":0,"31":0,"33":0,"34":0,"35":0,"36":0,"38":0,"39":0,"40":0,"41":0,"42":0,"43":0,"44":0,"48":0,"49":0,"50":0,"51":0,"52":0,"54":0,"55":0,"56":0,"57":0,"58":0,"63":0,"64":0,"65":0,"66":0,"67":0,"68":0,"69":0,"72":0,"73":0,"74":0,"75":0,"83":0},"branchMap":{"0":{"type":"branch","line":1,"loc":{"start":{"line":1,"column":2606},"end":{"line":84,"column":2}},"locations":[{"start":{"line":1,"column":2606},"end":{"line":84,"column":2}}]}},"b":{"0":[0]},"fnMap":{"0":{"name":"(empty-report)","decl":{"start":{"line":1,"column":2606},"end":{"line":84,"column":2}},"loc":{"start":{"line":1,"column":2606},"end":{"line":84,"column":2}},"line":1}},"f":{"0":0}}
,"/workspace/src/components/Navbar.tsx": {"path":"/workspace/src/components/Navbar.tsx","all":false,"statementMap":{"0":{"start":{"line":1,"column":0},"end":{"line":1,"column":53}},"4":{"start":{"line":5,"column":0},"end":{"line":5,"column":20}},"5":{"start":{"line":6,"column":0},"end":{"line":6,"column":47}},"6":{"start":{"line":7,"column":0},"end":{"line":7,"column":58}},"7":{"start":{"line":8,"column":0},"end":{"line":8,"column":52}},"8":{"start":{"line":9,"column":0},"end":{"line":9,"column":51}},"9":{"start":{"line":10,"column":0},"end":{"line":10,"column":53}},"10":{"start":{"line":11,"column":0},"end":{"line":11,"column":54}},"11":{"start":{"line":12,"column":0},"end":{"line":12,"column":2}},"13":{"start":{"line":14,"column":0},"end":{"line":14,"column":26}},"14":{"start":{"line":15,"column":0},"end":{"line":15,"column":33}},"16":{"start":{"line":17,"column":0},"end":{"line":17,"column":10}},"17":{"start":{"line":18,"column":0},"end":{"line":18,"column":96}},"18":{"start":{"line":19,"column":0},"end":{"line":19,"column":46}},"19":{"start":{"line":20,"column":0},"end":{"line":20,"column":64}},"20":{"start":{"line":21,"column":0},"end":{"line":21,"column":63}},"21":{"start":{"line":22,"column":0},"end":{"line":22,"column":98}},"22":{"start":{"line":23,"column":0},"end":{"line":23,"column":70}},"24":{"start":{"line":25,"column":0},"end":{"line":25,"column":132}},"29":{"start":{"line":30,"column":0},"end":{"line":30,"column":65}},"30":{"start":{"line":31,"column":0},"end":{"line":31,"column":39}},"31":{"start":{"line":32,"column":0},"end":{"line":32,"column":63}},"32":{"start":{"line":33,"column":0},"end":{"line":33,"column":22}},"33":{"start":{"line":34,"column":0},"end":{"line":34,"column":21}},"34":{"start":{"line":35,"column":0},"end":{"line":35,"column":33}},"35":{"start":{"line":36,"column":0},"end":{"line":36,"column":32}},"36":{"start":{"line":37,"column":0},"end":{"line":37,"column":62}},"37":{"start":{"line":38,"column":0},"end":{"line":38,"column":32}},"38":{"start":{"line":39,"column":0},"end":{"line":39,"column":119}},"39":{"start":{"line":40,"column":0},"end":{"line":40,"column":28}},"40":{"start":{"line":41,"column":0},"end":{"line":41,"column":80}},"41":{"start":{"line":42,"column":0},"end":{"line":42,"column":88}},"44":{"start":{"line":45,"column":0},"end":{"line":45,"column":51}},"45":{"start":{"line":46,"column":0},"end":{"line":46,"column":42}},"48":{"start":{"line":49,"column":0},"end":{"line":49,"column":15}},"52":{"start":{"line":53,"column":0},"end":{"line":53,"column":52}},"53":{"start":{"line":54,"column":0},"end":{"line":54,"column":39}},"54":{"start":{"line":55,"column":0},"end":{"line":55,"column":63}},"55":{"start":{"line":56,"column":0},"end":{"line":56,"column":22}},"56":{"start":{"line":57,"column":0},"end":{"line":57,"column":21}},"57":{"start":{"line":58,"column":0},"end":{"line":58,"column":33}},"58":{"start":{"line":59,"column":0},"end":{"line":59,"column":32}},"59":{"start":{"line":60,"column":0},"end":{"line":60,"column":62}},"60":{"start":{"line":61,"column":0},"end":{"line":61,"column":32}},"61":{"start":{"line":62,"column":0},"end":{"line":62,"column":65}},"62":{"start":{"line":63,"column":0},"end":{"line":63,"column":28}},"63":{"start":{"line":64,"column":0},"end":{"line":64,"column":80}},"64":{"start":{"line":65,"column":0},"end":{"line":65,"column":88}},"67":{"start":{"line":68,"column":0},"end":{"line":68,"column":51}},"70":{"start":{"line":71,"column":0},"end":{"line":71,"column":15}},"76":{"start":{"line":77,"column":0},"end":{"line":77,"column":1}}},"s":{"0":1,"4":1,"5":1,"6":1,"7":1,"8":1,"9":1,"10":1,"11":1,"13":1,"14":1,"16":1,"17":1,"18":1,"19":1,"20":1,"21":1,"22":1,"24":1,"29":1,"30":1,"31":6,"32":6,"33":6,"34":6,"35":6,"36":6,"37":6,"38":6,"39":6,"40":1,"41":5,"44":6,"45":6,"48":6,"52":1,"53":1,"54":6,"55":6,"56":6,"57":6,"58":6,"59":6,"60":6,"61":6,"62":6,"63":1,"64":5,"67":6,"70":6,"76":1},"branchMap":{"0":{"type":"branch","line":14,"loc":{"start":{"line":14,"column":7},"end":{"line":77,"column":1}},"locations":[{"start":{"line":14,"column":7},"end":{"line":77,"column":1}}]},"1":{"type":"branch","line":31,"loc":{"start":{"line":31,"column":28},"end":{"line":49,"column":15}},"locations":[{"start":{"line":31,"column":28},"end":{"line":49,"column":15}}]},"2":{"type":"branch","line":37,"loc":{"start":{"line":37,"column":32},"end":{"line":37,"column":52}},"locations":[{"start":{"line":37,"column":32},"end":{"line":37,"column":52}}]},"3":{"type":"branch","line":37,"loc":{"start":{"line":37,"column":43},"end":{"line":37,"column":62}},"locations":[{"start":{"line":37,"column":43},"end":{"line":37,"column":62}}]},"4":{"type":"branch","line":40,"loc":{"start":{"line":40,"column":20},"end":{"line":41,"column":80}},"locations":[{"start":{"line":40,"column":20},"end":{"line":41,"column":80}}]},"5":{"type":"branch","line":41,"loc":{"start":{"line":41,"column":24},"end":{"line":42,"column":88}},"locations":[{"start":{"line":41,"column":24},"end":{"line":42,"column":88}}]},"6":{"type":"branch","line":54,"loc":{"start":{"line":54,"column":28},"end":{"line":71,"column":15}},"locations":[{"start":{"line":54,"column":28},"end":{"line":71,"column":15}}]},"7":{"type":"branch","line":60,"loc":{"start":{"line":60,"column":32},"end":{"line":60,"column":52}},"locations":[{"start":{"line":60,"column":32},"end":{"line":60,"column":52}}]},"8":{"type":"branch","line":60,"loc":{"start":{"line":60,"column":43},"end":{"line":60,"column":62}},"locations":[{"start":{"line":60,"column":43},"end":{"line":60,"column":62}}]},"9":{"type":"branch","line":63,"loc":{"start":{"line":63,"column":20},"end":{"line":64,"column":80}},"locations":[{"start":{"line":63,"column":20},"end":{"line":64,"column":80}}]},"10":{"type":"branch","line":64,"loc":{"start":{"line":64,"column":24},"end":{"line":65,"column":88}},"locations":[{"start":{"line":64,"column":24},"end":{"line":65,"column":88}}]}},"b":{"0":[1],"1":[6],"2":[1],"3":[5],"4":[1],"5":[5],"6":[6],"7":[1],"8":[5],"9":[1],"10":[5]},"fnMap":{"0":{"name":"Navbar","decl":{"start":{"line":14,"column":7},"end":{"line":77,"column":1}},"loc":{"start":{"line":14,"column":7},"end":{"line":77,"column":1}},"line":14}},"f":{"0":1}}
,"/workspace/src/components/ProgressChart.tsx": {"path":"/workspace/src/components/ProgressChart.tsx","all":true,"statementMap":{"0":{"start":{"line":1,"column":0},"end":{"line":1,"column":87}},"16":{"start":{"line":17,"column":0},"end":{"line":17,"column":31}},"17":{"start":{"line":18,"column":0},"end":{"line":18,"column":7}},"18":{"start":{"line":19,"column":0},"end":{"line":19,"column":8}},"19":{"start":{"line":20,"column":0},"end":{"line":20,"column":7}},"20":{"start":{"line":21,"column":0},"end":{"line":21,"column":32}},"21":{"start":{"line":22,"column":0},"end":{"line":22,"column":27}},"22":{"start":{"line":23,"column":0},"end":{"line":23,"column":45}},"23":{"start":{"line":24,"column":0},"end":{"line":24,"column":48}},"24":{"start":{"line":25,"column":0},"end":{"line":25,"column":4}},"26":{"start":{"line":27,"column":0},"end":{"line":27,"column":62}},"27":{"start":{"line":28,"column":0},"end":{"line":28,"column":46}},"28":{"start":{"line":29,"column":0},"end":{"line":29,"column":14}},"29":{"start":{"line":30,"column":0},"end":{"line":30,"column":73}},"30":{"start":{"line":31,"column":0},"end":{"line":31,"column":91}},"31":{"start":{"line":32,"column":0},"end":{"line":32,"column":60}},"32":{"start":{"line":33,"column":0},"end":{"line":33,"column":37}},"36":{"start":{"line":37,"column":0},"end":{"line":37,"column":5}},"37":{"start":{"line":38,"column":0},"end":{"line":38,"column":16}},"38":{"start":{"line":39,"column":0},"end":{"line":39,"column":4}},"40":{"start":{"line":41,"column":0},"end":{"line":41,"column":26}},"41":{"start":{"line":42,"column":0},"end":{"line":42,"column":12}},"42":{"start":{"line":43,"column":0},"end":{"line":43,"column":50}},"43":{"start":{"line":44,"column":0},"end":{"line":44,"column":20}},"44":{"start":{"line":45,"column":0},"end":{"line":45,"column":40}},"45":{"start":{"line":46,"column":0},"end":{"line":46,"column":66}},"47":{"start":{"line":48,"column":0},"end":{"line":48,"column":93}},"52":{"start":{"line":53,"column":0},"end":{"line":53,"column":3}},"54":{"start":{"line":55,"column":0},"end":{"line":55,"column":10}},"55":{"start":{"line":56,"column":0},"end":{"line":56,"column":48}},"56":{"start":{"line":57,"column":0},"end":{"line":57,"column":18}},"57":{"start":{"line":58,"column":0},"end":{"line":58,"column":38}},"58":{"start":{"line":59,"column":0},"end":{"line":59,"column":25}},"59":{"start":{"line":60,"column":0},"end":{"line":60,"column":74}},"62":{"start":{"line":63,"column":0},"end":{"line":63,"column":19}},"63":{"start":{"line":64,"column":0},"end":{"line":64,"column":55}},"64":{"start":{"line":65,"column":0},"end":{"line":65,"column":33}},"65":{"start":{"line":66,"column":0},"end":{"line":66,"column":18}},"66":{"start":{"line":67,"column":0},"end":{"line":67,"column":28}},"67":{"start":{"line":68,"column":0},"end":{"line":68,"column":41}},"68":{"start":{"line":69,"column":0},"end":{"line":69,"column":30}},"69":{"start":{"line":70,"column":0},"end":{"line":70,"column":30}},"70":{"start":{"line":71,"column":0},"end":{"line":71,"column":75}},"72":{"start":{"line":73,"column":0},"end":{"line":73,"column":18}},"73":{"start":{"line":74,"column":0},"end":{"line":74,"column":30}},"74":{"start":{"line":75,"column":0},"end":{"line":75,"column":30}},"75":{"start":{"line":76,"column":0},"end":{"line":76,"column":75}},"76":{"start":{"line":77,"column":0},"end":{"line":77,"column":53}},"78":{"start":{"line":79,"column":0},"end":{"line":79,"column":51}},"79":{"start":{"line":80,"column":0},"end":{"line":80,"column":17}},"80":{"start":{"line":81,"column":0},"end":{"line":81,"column":29}},"81":{"start":{"line":82,"column":0},"end":{"line":82,"column":29}},"82":{"start":{"line":83,"column":0},"end":{"line":83,"column":28}},"83":{"start":{"line":84,"column":0},"end":{"line":84,"column":29}},"84":{"start":{"line":85,"column":0},"end":{"line":85,"column":57}},"85":{"start":{"line":86,"column":0},"end":{"line":86,"column":65}},"92":{"start":{"line":93,"column":0},"end":{"line":93,"column":2}}},"s":{"0":0,"16":0,"17":0,"18":0,"19":0,"20":0,"21":0,"22":0,"23":0,"24":0,"26":0,"27":0,"28":0,"29":0,"30":0,"31":0,"32":0,"36":0,"37":0,"38":0,"40":0,"41":0,"42":0,"43":0,"44":0,"45":0,"47":0,"52":0,"54":0,"55":0,"56":0,"57":0,"58":0,"59":0,"62":0,"63":0,"64":0,"65":0,"66":0,"67":0,"68":0,"69":0,"70":0,"72":0,"73":0,"74":0,"75":0,"76":0,"78":0,"79":0,"80":0,"81":0,"82":0,"83":0,"84":0,"85":0,"92":0},"branchMap":{"0":{"type":"branch","line":1,"loc":{"start":{"line":1,"column":2774},"end":{"line":93,"column":2}},"locations":[{"start":{"line":1,"column":2774},"end":{"line":93,"column":2}}]}},"b":{"0":[0]},"fnMap":{"0":{"name":"(empty-report)","decl":{"start":{"line":1,"column":2774},"end":{"line":93,"column":2}},"loc":{"start":{"line":1,"column":2774},"end":{"line":93,"column":2}},"line":1}},"f":{"0":0}}
,"/workspace/src/components/SessionPresetCard.tsx": {"path":"/workspace/src/components/SessionPresetCard.tsx","all":true,"statementMap":{"0":{"start":{"line":1,"column":0},"end":{"line":1,"column":40}},"12":{"start":{"line":13,"column":0},"end":{"line":13,"column":26}},"13":{"start":{"line":14,"column":0},"end":{"line":14,"column":59}},"14":{"start":{"line":15,"column":0},"end":{"line":15,"column":63}},"15":{"start":{"line":16,"column":0},"end":{"line":16,"column":71}},"16":{"start":{"line":17,"column":0},"end":{"line":17,"column":2}},"18":{"start":{"line":19,"column":0},"end":{"line":19,"column":24}},"19":{"start":{"line":20,"column":0},"end":{"line":20,"column":57}},"20":{"start":{"line":21,"column":0},"end":{"line":21,"column":62}},"21":{"start":{"line":22,"column":0},"end":{"line":22,"column":52}},"22":{"start":{"line":23,"column":0},"end":{"line":23,"column":69}},"23":{"start":{"line":24,"column":0},"end":{"line":24,"column":2}},"25":{"start":{"line":26,"column":0},"end":{"line":26,"column":80}},"26":{"start":{"line":27,"column":0},"end":{"line":27,"column":10}},"27":{"start":{"line":28,"column":0},"end":{"line":28,"column":115}},"28":{"start":{"line":29,"column":0},"end":{"line":29,"column":35}},"29":{"start":{"line":30,"column":0},"end":{"line":30,"column":58}},"30":{"start":{"line":31,"column":0},"end":{"line":31,"column":37}},"31":{"start":{"line":32,"column":0},"end":{"line":32,"column":102}},"32":{"start":{"line":33,"column":0},"end":{"line":33,"column":27}},"34":{"start":{"line":35,"column":0},"end":{"line":35,"column":63}},"35":{"start":{"line":36,"column":0},"end":{"line":36,"column":34}},"38":{"start":{"line":39,"column":0},"end":{"line":39,"column":95}},"39":{"start":{"line":40,"column":0},"end":{"line":40,"column":31}},"43":{"start":{"line":44,"column":0},"end":{"line":44,"column":41}},"44":{"start":{"line":45,"column":0},"end":{"line":45,"column":83}},"45":{"start":{"line":46,"column":0},"end":{"line":46,"column":29}},"50":{"start":{"line":51,"column":0},"end":{"line":51,"column":41}},"51":{"start":{"line":52,"column":0},"end":{"line":52,"column":56}},"52":{"start":{"line":53,"column":0},"end":{"line":53,"column":77}},"53":{"start":{"line":54,"column":0},"end":{"line":54,"column":41}},"54":{"start":{"line":55,"column":0},"end":{"line":55,"column":46}},"56":{"start":{"line":57,"column":0},"end":{"line":57,"column":77}},"57":{"start":{"line":58,"column":0},"end":{"line":58,"column":41}},"58":{"start":{"line":59,"column":0},"end":{"line":59,"column":48}},"62":{"start":{"line":63,"column":0},"end":{"line":63,"column":40}},"63":{"start":{"line":64,"column":0},"end":{"line":64,"column":116}},"64":{"start":{"line":65,"column":0},"end":{"line":65,"column":87}},"65":{"start":{"line":66,"column":0},"end":{"line":66,"column":65}},"66":{"start":{"line":67,"column":0},"end":{"line":67,"column":65}},"67":{"start":{"line":68,"column":0},"end":{"line":68,"column":41}},"72":{"start":{"line":73,"column":0},"end":{"line":73,"column":15}},"73":{"start":{"line":74,"column":0},"end":{"line":74,"column":44}},"74":{"start":{"line":75,"column":0},"end":{"line":75,"column":104}},"75":{"start":{"line":76,"column":0},"end":{"line":76,"column":9}},"81":{"start":{"line":82,"column":0},"end":{"line":82,"column":1}}},"s":{"0":0,"12":0,"13":0,"14":0,"15":0,"16":0,"18":0,"19":0,"20":0,"21":0,"22":0,"23":0,"25":0,"26":0,"27":0,"28":0,"29":0,"30":0,"31":0,"32":0,"34":0,"35":0,"38":0,"39":0,"43":0,"44":0,"45":0,"50":0,"51":0,"52":0,"53":0,"54":0,"56":0,"57":0,"58":0,"62":0,"63":0,"64":0,"65":0,"66":0,"67":0,"72":0,"73":0,"74":0,"75":0,"81":0},"branchMap":{"0":{"type":"branch","line":1,"loc":{"start":{"line":1,"column":3160},"end":{"line":82,"column":1}},"locations":[{"start":{"line":1,"column":3160},"end":{"line":82,"column":1}}]}},"b":{"0":[0]},"fnMap":{"0":{"name":"(empty-report)","decl":{"start":{"line":1,"column":3160},"end":{"line":82,"column":1}},"loc":{"start":{"line":1,"column":3160},"end":{"line":82,"column":1}},"line":1}},"f":{"0":0}}
[...]
:{"start":{"line":104,"column":0},"end":{"line":104,"column":17}},"104":{"start":{"line":105,"column":0},"end":{"line":105,"column":26}},"105":{"start":{"line":106,"column":0},"end":{"line":106,"column":91}},"106":{"start":{"line":107,"column":0},"end":{"line":107,"column":4}},"107":{"start":{"line":108,"column":0},"end":{"line":108,"column":3}},"108":{"start":{"line":109,"column":0},"end":{"line":109,"column":14}},"109":{"start":{"line":110,"column":0},"end":{"line":110,"column":31}},"110":{"start":{"line":111,"column":0},"end":{"line":111,"column":88}},"111":{"start":{"line":112,"column":0},"end":{"line":112,"column":4}},"112":{"start":{"line":113,"column":0},"end":{"line":113,"column":2}},"114":{"start":{"line":115,"column":0},"end":{"line":115,"column":54}},"115":{"start":{"line":116,"column":0},"end":{"line":116,"column":67}},"116":{"start":{"line":117,"column":0},"end":{"line":117,"column":57}},"117":{"start":{"line":118,"column":0},"end":{"line":118,"column":54}},"118":{"start":{"line":119,"column":0},"end":{"line":119,"column":2}},"120":{"start":{"line":121,"column":0},"end":{"line":121,"column":32}},"121":{"start":{"line":122,"column":0},"end":{"line":122,"column":10}},"122":{"start":{"line":123,"column":0},"end":{"line":123,"column":49}},"123":{"start":{"line":124,"column":0},"end":{"line":124,"column":33}},"125":{"start":{"line":126,"column":0},"end":{"line":126,"column":47}},"126":{"start":{"line":127,"column":0},"end":{"line":127,"column":70}},"127":{"start":{"line":128,"column":0},"end":{"line":128,"column":58}},"128":{"start":{"line":129,"column":0},"end":{"line":129,"column":131}},"132":{"start":{"line":133,"column":0},"end":{"line":133,"column":65}},"139":{"start":{"line":140,"column":0},"end":{"line":140,"column":55}},"140":{"start":{"line":141,"column":0},"end":{"line":141,"column":64}},"141":{"start":{"line":142,"column":0},"end":{"line":142,"column":80}},"142":{"start":{"line":143,"column":0},"end":{"line":143,"column":44}},"143":{"start":{"line":144,"column":0},"end":{"line":144,"column":62}},"145":{"start":{"line":146,"column":0},"end":{"line":146,"column":79}},"146":{"start":{"line":147,"column":0},"end":{"line":147,"column":46}},"147":{"start":{"line":148,"column":0},"end":{"line":148,"column":61}},"149":{"start":{"line":150,"column":0},"end":{"line":150,"column":81}},"150":{"start":{"line":151,"column":0},"end":{"line":151,"column":47}},"151":{"start":{"line":152,"column":0},"end":{"line":152,"column":63}},"153":{"start":{"line":154,"column":0},"end":{"line":154,"column":82}},"154":{"start":{"line":155,"column":0},"end":{"line":155,"column":48}},"155":{"start":{"line":156,"column":0},"end":{"line":156,"column":64}},"159":{"start":{"line":160,"column":0},"end":{"line":160,"column":60}},"160":{"start":{"line":161,"column":0},"end":{"line":161,"column":67}},"161":{"start":{"line":162,"column":0},"end":{"line":162,"column":47}},"162":{"start":{"line":163,"column":0},"end":{"line":163,"column":72}},"163":{"start":{"line":164,"column":0},"end":{"line":164,"column":47}},"164":{"start":{"line":165,"column":0},"end":{"line":165,"column":70}},"165":{"start":{"line":166,"column":0},"end":{"line":166,"column":76}},"166":{"start":{"line":167,"column":0},"end":{"line":167,"column":98}},"169":{"start":{"line":170,"column":0},"end":{"line":170,"column":31}},"170":{"start":{"line":171,"column":0},"end":{"line":171,"column":86}},"177":{"start":{"line":178,"column":0},"end":{"line":178,"column":59}},"178":{"start":{"line":179,"column":0},"end":{"line":179,"column":67}},"179":{"start":{"line":180,"column":0},"end":{"line":180,"column":46}},"180":{"start":{"line":181,"column":0},"end":{"line":181,"column":72}},"181":{"start":{"line":182,"column":0},"end":{"line":182,"column":47}},"182":{"start":{"line":183,"column":0},"end":{"line":183,"column":70}},"183":{"start":{"line":184,"column":0},"end":{"line":184,"column":76}},"184":{"start":{"line":185,"column":0},"end":{"line":185,"column":98}},"187":{"start":{"line":188,"column":0},"end":{"line":188,"column":31}},"188":{"start":{"line":189,"column":0},"end":{"line":189,"column":86}},"195":{"start":{"line":196,"column":0},"end":{"line":196,"column":61}},"196":{"start":{"line":197,"column":0},"end":{"line":197,"column":67}},"197":{"start":{"line":198,"column":0},"end":{"line":198,"column":48}},"198":{"start":{"line":199,"column":0},"end":{"line":199,"column":72}},"199":{"start":{"line":200,"column":0},"end":{"line":200,"column":47}},"200":{"start":{"line":201,"column":0},"end":{"line":201,"column":70}},"201":{"start":{"line":202,"column":0},"end":{"line":202,"column":76}},"202":{"start":{"line":203,"column":0},"end":{"line":203,"column":98}},"205":{"start":{"line":206,"column":0},"end":{"line":206,"column":31}},"206":{"start":{"line":207,"column":0},"end":{"line":207,"column":86}},"213":{"start":{"line":214,"column":0},"end":{"line":214,"column":62}},"214":{"start":{"line":215,"column":0},"end":{"line":215,"column":67}},"215":{"start":{"line":216,"column":0},"end":{"line":216,"column":60}},"216":{"start":{"line":217,"column":0},"end":{"line":217,"column":72}},"217":{"start":{"line":218,"column":0},"end":{"line":218,"column":30}},"218":{"start":{"line":219,"column":0},"end":{"line":219,"column":71}},"219":{"start":{"line":220,"column":0},"end":{"line":220,"column":72}},"220":{"start":{"line":221,"column":0},"end":{"line":221,"column":51}},"223":{"start":{"line":224,"column":0},"end":{"line":224,"column":31}},"224":{"start":{"line":225,"column":0},"end":{"line":225,"column":91}},"233":{"start":{"line":234,"column":0},"end":{"line":234,"column":52}},"234":{"start":{"line":235,"column":0},"end":{"line":235,"column":22}},"235":{"start":{"line":236,"column":0},"end":{"line":236,"column":86}},"237":{"start":{"line":238,"column":0},"end":{"line":238,"column":23}},"238":{"start":{"line":239,"column":0},"end":{"line":239,"column":79}},"239":{"start":{"line":240,"column":0},"end":{"line":240,"column":41}},"240":{"start":{"line":241,"column":0},"end":{"line":241,"column":111}},"241":{"start":{"line":242,"column":0},"end":{"line":242,"column":54}},"243":{"start":{"line":244,"column":0},"end":{"line":244,"column":77}},"244":{"start":{"line":245,"column":0},"end":{"line":245,"column":61}},"248":{"start":{"line":249,"column":0},"end":{"line":249,"column":41}},"249":{"start":{"line":250,"column":0},"end":{"line":250,"column":113}},"250":{"start":{"line":251,"column":0},"end":{"line":251,"column":55}},"252":{"start":{"line":253,"column":0},"end":{"line":253,"column":70}},"253":{"start":{"line":254,"column":0},"end":{"line":254,"column":61}},"257":{"start":{"line":258,"column":0},"end":{"line":258,"column":41}},"258":{"start":{"line":259,"column":0},"end":{"line":259,"column":110}},"259":{"start":{"line":260,"column":0},"end":{"line":260,"column":54}},"261":{"start":{"line":262,"column":0},"end":{"line":262,"column":67}},"262":{"start":{"line":263,"column":0},"end":{"line":263,"column":61}},"272":{"start":{"line":273,"column":0},"end":{"line":273,"column":1}}},"s":{"0":0,"7":0,"8":0,"9":0,"10":0,"11":0,"12":0,"13":0,"14":0,"15":0,"16":0,"17":0,"18":0,"19":0,"20":0,"21":0,"22":0,"23":0,"24":0,"25":0,"26":0,"27":0,"28":0,"29":0,"30":0,"31":0,"32":0,"33":0,"35":0,"36":0,"37":0,"38":0,"39":0,"40":0,"41":0,"42":0,"43":0,"44":0,"45":0,"46":0,"47":0,"48":0,"49":0,"50":0,"51":0,"52":0,"53":0,"54":0,"55":0,"56":0,"57":0,"58":0,"59":0,"60":0,"61":0,"63":0,"64":0,"65":0,"66":0,"67":0,"68":0,"69":0,"70":0,"71":0,"72":0,"73":0,"74":0,"75":0,"76":0,"77":0,"78":0,"79":0,"80":0,"81":0,"82":0,"83":0,"84":0,"85":0,"86":0,"87":0,"88":0,"89":0,"91":0,"92":0,"93":0,"94":0,"95":0,"96":0,"97":0,"98":0,"99":0,"100":0,"101":0,"102":0,"103":0,"104":0,"105":0,"106":0,"107":0,"108":0,"109":0,"110":0,"111":0,"112":0,"114":0,"115":0,"116":0,"117":0,"118":0,"120":0,"121":0,"122":0,"123":0,"125":0,"126":0,"127":0,"128":0,"132":0,"139":0,"140":0,"141":0,"142":0,"143":0,"145":0,"146":0,"147":0,"149":0,"150":0,"151":0,"153":0,"154":0,"155":0,"159":0,"160":0,"161":0,"162":0,"163":0,"164":0,"165":0,"166":0,"169":0,"170":0,"177":0,"178":0,"179":0,"180":0,"181":0,"182":0,"183":0,"184":0,"187":0,"188":0,"195":0,"196":0,"197":0,"198":0,"199":0,"200":0,"201":0,"202":0,"205":0,"206":0,"213":0,"214":0,"215":0,"216":0,"217":0,"218":0,"219":0,"220":0,"223":0,"224":0,"233":0,"234":0,"235":0,"237":0,"238":0,"239":0,"240":0,"241":0,"243":0,"244":0,"248":0,"249":0,"250":0,"252":0,"253":0,"257":0,"258":0,"259":0,"261":0,"262":0,"272":0},"branchMap":{"0":{"type":"branch","line":1,"loc":{"start":{"line":1,"column":0},"end":{"line":273,"column":-5630}},"locations":[{"start":{"line":1,"column":0},"end":{"line":273,"column":-5630}}]}},"b":{"0":[0]},"fnMap":{"0":{"name":"(empty-report)","decl":{"start":{"line":1,"column":0},"end":{"line":273,"column":-5630}},"loc":{"start":{"line":1,"column":0},"end":{"line":273,"column":-5630}},"line":1}},"f":{"0":0}}
,"/workspace/src/types/index.ts": {"path":"/workspace/src/types/index.ts","all":true,"statementMap":{"65":{"start":{"line":66,"column":0},"end":{"line":66,"column":1}}},"s":{"65":0},"branchMap":{"0":{"type":"branch","line":1,"loc":{"start":{"line":1,"column":1461},"end":{"line":66,"column":1}},"locations":[{"start":{"line":1,"column":1461},"end":{"line":66,"column":1}}]}},"b":{"0":[1]},"fnMap":{"0":{"name":"(empty-report)","decl":{"start":{"line":1,"column":1461},"end":{"line":66,"column":1}},"loc":{"start":{"line":1,"column":1461},"end":{"line":66,"column":1}},"line":1}},"f":{"0":1}}
,"/workspace/src/utils/opencv.ts": {"path":"/workspace/src/utils/opencv.ts","all":true,"statementMap":{"0":{"start":{"line":1,"column":0},"end":{"line":1,"column":50}},"2":{"start":{"line":3,"column":0},"end":{"line":3,"column":50}},"3":{"start":{"line":4,"column":0},"end":{"line":4,"column":92}},"4":{"start":{"line":5,"column":0},"end":{"line":5,"column":30}},"5":{"start":{"line":6,"column":0},"end":{"line":6,"column":3}},"6":{"start":{"line":7,"column":0},"end":{"line":7,"column":50}},"8":{"start":{"line":9,"column":0},"end":{"line":9,"column":56}},"9":{"start":{"line":10,"column":0},"end":{"line":10,"column":52}},"10":{"start":{"line":11,"column":0},"end":{"line":11,"column":24}},"11":{"start":{"line":12,"column":0},"end":{"line":12,"column":57}},"12":{"start":{"line":13,"column":0},"end":{"line":13,"column":27}},"13":{"start":{"line":14,"column":0},"end":{"line":14,"column":34}},"14":{"start":{"line":15,"column":0},"end":{"line":15,"column":38}},"15":{"start":{"line":16,"column":0},"end":{"line":16,"column":32}},"16":{"start":{"line":17,"column":0},"end":{"line":17,"column":22}},"17":{"start":{"line":18,"column":0},"end":{"line":18,"column":16}},"18":{"start":{"line":19,"column":0},"end":{"line":19,"column":39}},"19":{"start":{"line":20,"column":0},"end":{"line":20,"column":9}},"20":{"start":{"line":21,"column":0},"end":{"line":21,"column":8}},"21":{"start":{"line":22,"column":0},"end":{"line":22,"column":21}},"22":{"start":{"line":23,"column":0},"end":{"line":23,"column":6}},"23":{"start":{"line":24,"column":0},"end":{"line":24,"column":73}},"24":{"start":{"line":25,"column":0},"end":{"line":25,"column":38}},"25":{"start":{"line":26,"column":0},"end":{"line":26,"column":5}},"27":{"start":{"line":28,"column":0},"end":{"line":28,"column":27}},"28":{"start":{"line":29,"column":0},"end":{"line":29,"column":1}}},"s":{"0":0,"2":0,"3":0,"4":0,"5":0,"6":0,"8":0,"9":0,"10":0,"11":0,"12":0,"13":0,"14":0,"15":0,"16":0,"17":0,"18":0,"19":0,"20":0,"21":0,"22":0,"23":0,"24":0,"25":0,"27":0,"28":0},"branchMap":{"0":{"type":"branch","line":1,"loc":{"start":{"line":1,"column":0},"end":{"line":29,"column":-19}},"locations":[{"start":{"line":1,"column":0},"end":{"line":29,"column":-19}}]}},"b":{"0":[0]},"fnMap":{"0":{"name":"(empty-report)","decl":{"start":{"line":1,"column":0},"end":{"line":29,"column":-19}},"loc":{"start":{"line":1,"column":0},"end":{"line":29,"column":-19}},"line":1}},"f":{"0":0}}
,"/workspace/src/utils/storage.ts": {"path":"/workspace/src/utils/storage.ts","all":true,"statementMap":{"2":{"start":{"line":3,"column":0},"end":{"line":3,"column":22}},"3":{"start":{"line":4,"column":0},"end":{"line":4,"column":43}},"4":{"start":{"line":5,"column":0},"end":{"line":5,"column":35}},"5":{"start":{"line":6,"column":0},"end":{"line":6,"column":29}},"6":{"start":{"line":7,"column":0},"end":{"line":7,"column":31}},"7":{"start":{"line":8,"column":0},"end":{"line":8,"column":2}},"9":{"start":{"line":10,"column":0},"end":{"line":10,"column":23}},"10":{"start":{"line":11,"column":0},"end":{"line":11,"column":53}},"11":{"start":{"line":12,"column":0},"end":{"line":12,"column":65}},"12":{"start":{"line":13,"column":0},"end":{"line":13,"column":42}},"13":{"start":{"line":14,"column":0},"end":{"line":14,"column":2}},"15":{"start":{"line":16,"column":0},"end":{"line":16,"column":68}},"16":{"start":{"line":17,"column":0},"end":{"line":17,"column":41}},"17":{"start":{"line":18,"column":0},"end":{"line":18,"column":79}},"19":{"start":{"line":20,"column":0},"end":{"line":20,"column":27}},"20":{"start":{"line":21,"column":0},"end":{"line":21,"column":46}},"21":{"start":{"line":22,"column":0},"end":{"line":22,"column":10}},"22":{"start":{"line":23,"column":0},"end":{"line":23,"column":35}},"23":{"start":{"line":24,"column":0},"end":{"line":24,"column":3}},"25":{"start":{"line":26,"column":0},"end":{"line":26,"column":80}},"26":{"start":{"line":27,"column":0},"end":{"line":27,"column":2}},"28":{"start":{"line":29,"column":0},"end":{"line":29,"column":56}},"29":{"start":{"line":30,"column":0},"end":{"line":30,"column":68}},"30":{"start":{"line":31,"column":0},"end":{"line":31,"column":80}},"31":{"start":{"line":32,"column":0},"end":{"line":32,"column":2}},"33":{"start":{"line":34,"column":0},"end":{"line":34,"column":19}},"34":{"start":{"line":35,"column":0},"end":{"line":35,"column":45}},"35":{"start":{"line":36,"column":0},"end":{"line":36,"column":61}},"36":{"start":{"line":37,"column":0},"end":{"line":37,"column":42}},"37":{"start":{"line":38,"column":0},"end":{"line":38,"column":2}},"39":{"start":{"line":40,"column":0},"end":{"line":40,"column":56}},"40":{"start":{"line":41,"column":0},"end":{"line":41,"column":33}},"41":{"start":{"line":42,"column":0},"end":{"line":42,"column":71}},"43":{"start":{"line":44,"column":0},"end":{"line":44,"column":27}},"44":{"start":{"line":45,"column":0},"end":{"line":45,"column":38}},"45":{"start":{"line":46,"column":0},"end":{"line":46,"column":10}},"46":{"start":{"line":47,"column":0},"end":{"line":47,"column":27}},"47":{"start":{"line":48,"column":0},"end":{"line":48,"column":3}},"49":{"start":{"line":50,"column":0},"end":{"line":50,"column":72}},"50":{"start":{"line":51,"column":0},"end":{"line":51,"column":2}},"52":{"start":{"line":53,"column":0},"end":{"line":53,"column":52}},"53":{"start":{"line":54,"column":0},"end":{"line":54,"column":60}},"54":{"start":{"line":55,"column":0},"end":{"line":55,"column":72}},"55":{"start":{"line":56,"column":0},"end":{"line":56,"column":2}},"57":{"start":{"line":58,"column":0},"end":{"line":58,"column":16}},"58":{"start":{"line":59,"column":0},"end":{"line":59,"column":39}},"59":{"start":{"line":60,"column":0},"end":{"line":60,"column":58}},"60":{"start":{"line":61,"column":0},"end":{"line":61,"column":42}},"61":{"start":{"line":62,"column":0},"end":{"line":62,"column":2}},"63":{"start":{"line":64,"column":0},"end":{"line":64,"column":47}},"64":{"start":{"line":65,"column":0},"end":{"line":65,"column":27}},"65":{"start":{"line":66,"column":0},"end":{"line":66,"column":65}},"67":{"start":{"line":68,"column":0},"end":{"line":68,"column":27}},"68":{"start":{"line":69,"column":0},"end":{"line":69,"column":32}},"69":{"start":{"line":70,"column":0},"end":{"line":70,"column":10}},"70":{"start":{"line":71,"column":0},"end":{"line":71,"column":21}},"71":{"start":{"line":72,"column":0},"end":{"line":72,"column":3}},"73":{"start":{"line":74,"column":0},"end":{"line":74,"column":66}},"74":{"start":{"line":75,"column":0},"end":{"line":75,"column":2}},"76":{"start":{"line":77,"column":0},"end":{"line":77,"column":49}},"77":{"start":{"line":78,"column":0},"end":{"line":78,"column":54}},"78":{"start":{"line":79,"column":0},"end":{"line":79,"column":66}},"79":{"start":{"line":80,"column":0},"end":{"line":80,"column":2}},"81":{"start":{"line":82,"column":0},"end":{"line":82,"column":51}},"82":{"start":{"line":83,"column":0},"end":{"line":83,"column":75}},"83":{"start":{"line":84,"column":0},"end":{"line":84,"column":43}},"84":{"start":{"line":85,"column":0},"end":{"line":85,"column":58}},"86":{"start":{"line":87,"column":0},"end":{"line":87,"column":50}},"88":{"start":{"line":89,"column":0},"end":{"line":89,"column":31}},"89":{"start":{"line":90,"column":0},"end":{"line":90,"column":32}},"90":{"start":{"line":91,"column":0},"end":{"line":91,"column":66}},"91":{"start":{"line":92,"column":0},"end":{"line":92,"column":54}},"93":{"start":{"line":94,"column":0},"end":{"line":94,"column":53}},"95":{"start":{"line":96,"column":0},"end":{"line":96,"column":47}},"96":{"start":{"line":97,"column":0},"end":{"line":97,"column":60}},"97":{"start":{"line":98,"column":0},"end":{"line":98,"column":6}},"99":{"start":{"line":100,"column":0},"end":{"line":100,"column":37}},"100":{"start":{"line":101,"column":0},"end":{"line":101,"column":32}},"101":{"start":{"line":102,"column":0},"end":{"line":102,"column":52}},"102":{"start":{"line":103,"column":0},"end":{"line":103,"column":58}},"103":{"start":{"line":104,"column":0},"end":{"line":104,"column":7}},"104":{"start":{"line":105,"column":0},"end":{"line":105,"column":6}},"105":{"start":{"line":106,"column":0},"end":{"line":106,"column":5}},"106":{"start":{"line":107,"column":0},"end":{"line":107,"column":2}},"108":{"start":{"line":109,"column":0},"end":{"line":109,"column":69}},"109":{"start":{"line":110,"column":0},"end":{"line":110,"column":43}},"110":{"start":{"line":111,"column":0},"end":{"line":111,"column":58}},"112":{"start":{"line":113,"column":0},"end":{"line":113,"column":50}},"114":{"start":{"line":115,"column":0},"end":{"line":115,"column":31}},"115":{"start":{"line":116,"column":0},"end":{"line":116,"column":32}},"116":{"start":{"line":117,"column":0},"end":{"line":117,"column":65}},"117":{"start":{"line":118,"column":0},"end":{"line":118,"column":54}},"118":{"start":{"line":119,"column":0},"end":{"line":119,"column":39}},"120":{"start":{"line":121,"column":0},"end":{"line":121,"column":36}},"121":{"start":{"line":122,"column":0},"end":{"line":122,"column":49}},"122":{"start":{"line":123,"column":0},"end":{"line":123,"column":8}},"124":{"start":{"line":125,"column":0},"end":{"line":125,"column":58}},"125":{"start":{"line":126,"column":0},"end":{"line":126,"column":6}},"126":{"start":{"line":127,"column":0},"end":{"line":127,"column":5}},"127":{"start":{"line":128,"column":0},"end":{"line":128,"column":2}}},"s":{"2":0,"3":0,"4":0,"5":0,"6":0,"7":0,"9":0,"10":0,"11":0,"12":0,"13":0,"15":0,"16":0,"17":0,"19":0,"20":0,"21":0,"22":0,"23":0,"25":0,"26":0,"28":0,"29":0,"30":0,"31":0,"33":0,"34":0,"35":0,"36":0,"37":0,"39":0,"40":0,"41":0,"43":0,"44":0,"45":0,"46":0,"47":0,"49":0,"50":0,"52":0,"53":0,"54":0,"55":0,"57":0,"58":0,"59":0,"60":0,"61":0,"63":0,"64":0,"65":0,"67":0,"68":0,"69":0,"70":0,"71":0,"73":0,"74":0,"76":0,"77":0,"78":0,"79":0,"81":0,"82":0,"83":0,"84":0,"86":0,"88":0,"89":0,"90":0,"91":0,"93":0,"95":0,"96":0,"97":0,"99":0,"100":0,"101":0,"102":0,"103":0,"104":0,"105":0,"106":0,"108":0,"109":0,"110":0,"112":0,"114":0,"115":0,"116":0,"117":0,"118":0,"120":0,"121":0,"122":0,"124":0,"125":0,"126":0,"127":0},"branchMap":{"0":{"type":"branch","line":1,"loc":{"start":{"line":1,"column":55},"end":{"line":128,"column":-1004}},"locations":[{"start":{"line":1,"column":55},"end":{"line":128,"column":-1004}}]}},"b":{"0":[1]},"fnMap":{"0":{"name":"(empty-report)","decl":{"start":{"line":1,"column":55},"end":{"line":128,"column":-1004}},"loc":{"start":{"line":1,"column":55},"end":{"line":128,"column":-1004}},"line":1}},"f":{"0":1}}
}
